2026-02-19T18:44:09.4375624Z ##[debug]Evaluating condition for step: 'Upload projects to Mend'
2026-02-19T18:44:09.4377297Z ##[debug]Evaluating: SucceededNode()
2026-02-19T18:44:09.4378120Z ##[debug]Evaluating SucceededNode:
2026-02-19T18:44:09.4378859Z ##[debug]=> True
2026-02-19T18:44:09.4379186Z ##[debug]Result: True
2026-02-19T18:44:09.4380444Z ##[section]Starting: Upload projects to Mend
2026-02-19T18:44:09.4393153Z ==============================================================================
2026-02-19T18:44:09.4393507Z Task         : PowerShell
2026-02-19T18:44:09.4393759Z Description  : Run a PowerShell script on Linux, macOS, or Windows
2026-02-19T18:44:09.4394637Z Version      : 2.268.1
2026-02-19T18:44:09.4394881Z Author       : Microsoft Corporation
2026-02-19T18:44:09.4395119Z Help         : https://docs.microsoft.com/azure/devops/pipelines/tasks/utility/powershell
2026-02-19T18:44:09.4395412Z ==============================================================================
2026-02-19T18:44:10.1412786Z ##[debug]Agent environment resources - Disk: D:\ Available 74723.82 MB out of 76798.00 MB, Memory: Used 2507.00 MB out of 8186.00 MB, CPU: Usage 71.00%
2026-02-19T18:44:10.2821274Z ##[debug]VstsTaskSdk 0.21.0 commit 9abb170036d3b4cc1781def2efa436d9b059104c
2026-02-19T18:44:10.4749407Z ##[debug]Loading module from path 'D:\a\_tasks\PowerShell_e213ff0f-5d5c-4791-802d-52ea3e7be1f1\2.268.1\ps_modules\Sanitizer\Sanitizer.psm1'.
2026-02-19T18:44:10.4859110Z ##[debug]$OVERRIDING $global:DebugPreference from 'Continue' to 'SilentlyContinue'.
2026-02-19T18:44:10.4966685Z ##[debug]Loading resource strings from: D:\a\_tasks\PowerShell_e213ff0f-5d5c-4791-802d-52ea3e7be1f1\2.268.1\ps_modules\Sanitizer/module.json
2026-02-19T18:44:10.4988136Z ##[debug]Loaded 1 strings.
2026-02-19T18:44:10.5025598Z ##[debug]SYSTEM_CULTURE: 'en-US'
2026-02-19T18:44:10.5047665Z ##[debug]Loading resource strings from: D:\a\_tasks\PowerShell_e213ff0f-5d5c-4791-802d-52ea3e7be1f1\2.268.1\ps_modules\Sanitizer\Strings\resources.resjson\en-US\resources.resjson
2026-02-19T18:44:10.5092082Z ##[debug]Loaded 1 strings.
2026-02-19T18:44:10.5391325Z ##[debug]Feature flag AZP_75787_ENABLE_NEW_LOGIC state: False
2026-02-19T18:44:10.5423526Z ##[debug]Feature flag AZP_75787_ENABLE_NEW_LOGIC_LOG state: True
2026-02-19T18:44:10.5447918Z ##[debug]Feature flag AZP_75787_ENABLE_COLLECT state: True
2026-02-19T18:44:10.5468122Z ##[debug]Exporting function 'Get-SanitizerFeatureFlags'.
2026-02-19T18:44:10.5486813Z ##[debug]Exporting function 'Get-SanitizerCallStatus'.
2026-02-19T18:44:10.5505104Z ##[debug]Exporting function 'Get-SanitizerActivateStatus'.
2026-02-19T18:44:10.5524106Z ##[debug]Exporting function 'Protect-ScriptArguments'.
2026-02-19T18:44:10.5543842Z ##[debug]Importing function 'Get-SanitizerActivateStatus'.
2026-02-19T18:44:10.5562028Z ##[debug]Importing function 'Get-SanitizerCallStatus'.
2026-02-19T18:44:10.5580017Z ##[debug]Importing function 'Get-SanitizerFeatureFlags'.
2026-02-19T18:44:10.5598411Z ##[debug]Importing function 'Protect-ScriptArguments'.
2026-02-19T18:44:10.5804050Z ##[debug]Entering D:\a\_tasks\PowerShell_e213ff0f-5d5c-4791-802d-52ea3e7be1f1\2.268.1\powershell.ps1.
2026-02-19T18:44:10.5880541Z ##[debug]Loading resource strings from: D:\a\_tasks\PowerShell_e213ff0f-5d5c-4791-802d-52ea3e7be1f1\2.268.1\task.json
2026-02-19T18:44:10.6174885Z ##[debug]Loaded 14 strings.
2026-02-19T18:44:10.6202235Z ##[debug]SYSTEM_CULTURE: 'en-US'
2026-02-19T18:44:10.6224076Z ##[debug]Loading resource strings from: D:\a\_tasks\PowerShell_e213ff0f-5d5c-4791-802d-52ea3e7be1f1\2.268.1\Strings\resources.resjson\en-US\resources.resjson
2026-02-19T18:44:10.6463042Z ##[debug]Loaded 14 strings.
2026-02-19T18:44:10.6701275Z ##[debug]INPUT_ERRORACTIONPREFERENCE: 'stop'
2026-02-19T18:44:10.6764565Z ##[debug]INPUT_WARNINGPREFERENCE: 'default'
2026-02-19T18:44:10.6791815Z ##[debug]INPUT_INFORMATIONPREFERENCE: 'default'
2026-02-19T18:44:10.6816948Z ##[debug]INPUT_VERBOSEPREFERENCE: 'default'
2026-02-19T18:44:10.6841471Z ##[debug]INPUT_DEBUGPREFERENCE: 'default'
2026-02-19T18:44:10.6866272Z ##[debug]INPUT_PROGRESSPREFERENCE: 'silentlyContinue'
2026-02-19T18:44:10.6889233Z ##[debug]INPUT_SHOWWARNINGS: 'false'
2026-02-19T18:44:10.8271419Z ##[debug] Converted to bool: False
2026-02-19T18:44:10.8276162Z ##[debug]INPUT_FAILONSTDERR: 'false'
2026-02-19T18:44:10.8294411Z ##[debug] Converted to bool: False
2026-02-19T18:44:10.8319162Z ##[debug]INPUT_IGNORELASTEXITCODE: 'false'
2026-02-19T18:44:10.8335627Z ##[debug] Converted to bool: False
2026-02-19T18:44:10.8357479Z ##[debug]INPUT_PWSH: 'false'
2026-02-19T18:44:10.8375555Z ##[debug] Converted to bool: False
2026-02-19T18:44:10.8397338Z ##[debug]INPUT_WORKINGDIRECTORY: 'D:\a\1\s'
2026-02-19T18:44:10.8502189Z ##[debug]Asserting container path exists: 'D:\a\1\s'
2026-02-19T18:44:10.8525880Z ##[debug]INPUT_TARGETTYPE: 'inline'
2026-02-19T18:44:10.8556269Z ##[debug]INPUT_SCRIPT: '$PythonScriptPath = "$env:BUILD_SOURCESDIRECTORY\"
2026-02-19T18:44:10.8570061Z ##[debug]try
2026-02-19T18:44:10.8583385Z ##[debug]    {
2026-02-19T18:44:10.8598716Z ##[debug]# py -3 UploadMendProjects.py 
2026-02-19T18:44:10.8610063Z ##[debug]# --adotoken "<ADO_PAT>" 
2026-02-19T18:44:10.8624031Z ##[debug]# --menduseremail "<MEND_USER_EMAIL>" 
2026-02-19T18:44:10.8637264Z ##[debug]# --menduserkey "<MEND_USER_KEY>" 
2026-02-19T18:44:10.8650713Z ##[debug]# --mendapikey "<MEND_API_KEY>" 
2026-02-19T18:44:10.8663807Z ##[debug]# byparameters 
2026-02-19T18:44:10.8677304Z ##[debug]# --buildid 2560723 
2026-02-19T18:44:10.8690890Z ##[debug]# --project "ReleaseServices" 
2026-02-19T18:44:10.8704112Z ##[debug]# --organization "bentleycs"
2026-02-19T18:44:10.9334118Z ##[debug]$sCommand = "py -3 " + "$PythonScriptPath" + "UploadMendProjects.py"
2026-02-19T18:44:10.9346428Z ##[debug]    $sArguments = " --adotoken '***'"
2026-02-19T18:44:10.9359608Z ##[debug]    $sArguments += " --menduseremail '***'"
2026-02-19T18:44:10.9372059Z ##[debug]    $sArguments += " --menduserkey '***'"
2026-02-19T18:44:10.9384811Z ##[debug]    $sArguments += " --mendapikey '***'"
2026-02-19T18:44:10.9397240Z ##[debug]    $sArguments += " --filepattern '*${env:UPDATEREQUESTBASENAME}*'"
2026-02-19T18:44:10.9410178Z ##[debug]    if($env:DUPLICATENAME -ne "_NotSet_"){ $sArguments += " --duplicatename '${env:DUPLICATENAME}'"}
2026-02-19T18:44:10.9422744Z ##[debug]    if($env:OLDERUNIFIEDAGENTNAME -ne "_NotSet_"){ $sArguments += " --olderunifiedagentname '${env:OLDERUNIFIEDAGENTNAME}'"}
2026-02-19T18:44:10.9435273Z ##[debug]    if($env:SYSTEM_DEBUG -eq "true"){ $sArguments += " --debug"}
2026-02-19T18:44:10.9448121Z ##[debug]    $sArguments += " byparameters"
2026-02-19T18:44:10.9460607Z ##[debug]    $sArguments += " --buildid '${env:ADOBUILDID}'"
2026-02-19T18:44:10.9473088Z ##[debug]    $sArguments += " --project '${env:ADOPROJECT}'"
2026-02-19T18:44:10.9497363Z ##[debug]    $sArguments += " --organization '${env:ADOORGANIZATION}'"
2026-02-19T18:44:10.9499253Z ##[debug]
2026-02-19T18:44:10.9509087Z ##[debug]$sFullCommand =  "$sCommand " + "  " + "$sArguments  "  
2026-02-19T18:44:10.9521844Z ##[debug]Write-Host  "Command:  $sFullCommand "
2026-02-19T18:44:10.9534215Z ##[debug]Invoke-Expression -Command $sFullCommand 
2026-02-19T18:44:10.9547198Z ##[debug]}
2026-02-19T18:44:10.9559686Z ##[debug]catch
2026-02-19T18:44:10.9571948Z ##[debug]    {
2026-02-19T18:44:10.9584660Z ##[debug]    Write-Host "The Python script returned an error. $PSItem.Exception.Message"
2026-02-19T18:44:10.9596854Z ##[debug]    throw
2026-02-19T18:44:10.9609519Z ##[debug]    }'
2026-02-19T18:44:10.9631291Z ##[debug]INPUT_RUNSCRIPTINSEPARATESCOPE: 'false'
2026-02-19T18:44:10.9650693Z ##[debug] Converted to bool: False
2026-02-19T18:44:10.9688047Z Generating script.
2026-02-19T18:44:10.9813770Z ##[debug]AGENT_VERSION: '4.268.0'
2026-02-19T18:44:10.9874484Z ##[debug]AGENT_TEMPDIRECTORY: 'D:\a\_temp'
2026-02-19T18:44:10.9891678Z ##[debug]Asserting container path exists: 'D:\a\_temp'
2026-02-19T18:44:11.0108151Z ##[debug]Asserting leaf path exists: 'C:\Windows\System32\WindowsPowerShell\v1.0\powershell.exe'
2026-02-19T18:44:11.0122432Z ========================== Starting Command Output ===========================
2026-02-19T18:44:11.0251856Z ##[debug]Entering Invoke-VstsTool.
2026-02-19T18:44:11.0328404Z ##[debug] Arguments: '-NoLogo -NoProfile -NonInteractive -ExecutionPolicy Unrestricted -Command ". 'D:\a\_temp\4b9a22b5-3352-4c27-a611-213ef1001b4f.ps1'"'
2026-02-19T18:44:11.0344604Z ##[debug] FileName: 'C:\Windows\System32\WindowsPowerShell\v1.0\powershell.exe'
2026-02-19T18:44:11.0360535Z ##[debug] WorkingDirectory: 'D:\a\1\s'
2026-02-19T18:44:11.0401855Z ##[command]"C:\Windows\System32\WindowsPowerShell\v1.0\powershell.exe" -NoLogo -NoProfile -NonInteractive -ExecutionPolicy Unrestricted -Command ". 'D:\a\_temp\4b9a22b5-3352-4c27-a611-213ef1001b4f.ps1'"
2026-02-19T18:44:11.3919990Z Command:  py -3 D:\a\1\s\UploadMendProjects.py    --adotoken '***' --menduseremail '***' --menduserkey '***' --mendapikey '***' --filepattern '*update-request*' --debug byparameters --buildid '4788198' --project 'iModelTechnologies' --organization 'bentleycs'   
2026-02-19T18:44:11.6911367Z ==========================================================================================
2026-02-19T18:44:11.6912694Z Python version: 3.14.3 (tags/v3.14.3:323c59a, Feb  3 2026, 16:04:56) [MSC v.1944 64 bit (AMD64)]
2026-02-19T18:44:11.6913828Z Python path: C:\hostedtoolcache\windows\Python\3.14.3\x64\python.exe
2026-02-19T18:44:11.6914785Z ==========================================================================================
2026-02-19T18:44:11.6915319Z 
2026-02-19T18:44:11.6916168Z ##[debug]agent_tempdirectory: D:\a\_temp
2026-02-19T18:44:11.6916656Z 
2026-02-19T18:44:11.6917604Z ##[section]******************************************************************************************************************************************************
2026-02-19T18:44:11.6918617Z ##[section]Downloading the artifact from the build pipeline.
2026-02-19T18:44:11.6919611Z ##[section]******************************************************************************************************************************************************
2026-02-19T18:44:11.6920703Z Start time: 2026-02-19 18:44:11
2026-02-19T18:44:11.6921461Z organization: bentleycs
2026-02-19T18:44:11.6922245Z project: iModelTechnologies
2026-02-19T18:44:11.6923101Z build_id: 4788198
2026-02-19T18:44:11.6923898Z artifact: mend
2026-02-19T18:44:11.6924795Z build pipeline link: https://dev.azure.com/bentleycs/iModelTechnologies/_build/results?buildId=4788198
2026-02-19T18:44:11.6925905Z ##[debug]save_build_artifact_files(build_id='4788198', artifact_name='mend', destination_folder='D:\a\_temp', file_pattern='*update-request*')
2026-02-19T18:44:11.6926933Z ##[debug]get_ado_files_from_build_artifact(build_id='4788198', artifact_name='mend')
2026-02-19T18:44:11.6927887Z ##[debug]get_ado_artifact_from_build(build_id='4788198', artifact_name='mend')
2026-02-19T18:44:11.6928923Z ##[debug]GET request_url: https://dev.azure.com/bentleycs/iModelTechnologies/_apis/build/builds/4788198/artifacts?artifactName=mend&api-version=7.1-preview.5
2026-02-19T18:44:11.6946642Z Starting new HTTPS connection (1): dev.azure.com:443
2026-02-19T18:44:11.9737803Z https://dev.azure.com:443 "GET /bentleycs/iModelTechnologies/_apis/build/builds/4788198/artifacts?artifactName=mend&api-version=7.1-preview.5 HTTP/1.1" 200 421
2026-02-19T18:44:11.9750800Z ##[debug]Status Code 200: OK
2026-02-19T18:44:11.9751681Z ##[debug]Encoding: utf-8
2026-02-19T18:44:11.9752575Z ##[debug]Elapsed time: 0:00:00.279967
2026-02-19T18:44:11.9766885Z ##[debug]JSON: {"id":22759431,"name":"mend","source":"1bbf43f3-a2f3-58db-ec51-3017f09214b2","resource":{"type":"Container","data":"#/27754543/mend","properties":{"artifactsize":"4752541"},"url":"https://dev.azure.com/bentleycs/2c48216e-e72f-48b4-a4eb-40ff1c04e8e4/_apis/build/builds/4788198/artifacts?artifactName=mend&api-version=7.1-preview.5","downloadUrl":"https://dev.azure.com/bentleycs/2c48216e-e72f-48b4-a4eb-40ff1c04e8e4/_apis/build/builds/4788198/artifacts?artifactName=mend&api-version=7.1-preview.5&%24format=zip"}}
2026-02-19T18:44:11.9768485Z ##[debug]get_ado_files_from_container(container_id_name='27754543/mend')
2026-02-19T18:44:11.9769476Z ##[debug]GET request_url: https://dev.azure.com/bentleycs/_apis/resources/Containers/27754543/mend
2026-02-19T18:44:11.9779320Z Starting new HTTPS connection (1): dev.azure.com:443
2026-02-19T18:44:12.2503371Z https://dev.azure.com:443 "GET /bentleycs/_apis/resources/Containers/27754543/mend HTTP/1.1" 200 968
2026-02-19T18:44:12.2504437Z ##[debug]Status Code 200: OK
2026-02-19T18:44:12.2505164Z ##[debug]Encoding: utf-8
2026-02-19T18:44:12.2505868Z ##[debug]Elapsed time: 0:00:00.271689
2026-02-19T18:44:12.2519745Z ##[debug]JSON: {"count":7,"value":[{"containerId":27754543,"scopeIdentifier":"2c48216e-e72f-48b4-a4eb-40ff1c04e8e4","path":"mend","itemType":"folder","status":"created","dateCreated":"2026-02-11T11:22:53.403Z","dateLastModified":"2026-02-11T11:22:53.403Z","createdBy":"43863d56-8447-4aee-9775-3aa5ae7cc0ce","lastModifiedBy":"43863d56-8447-4aee-9775-3aa5ae7cc0ce","itemLocation":"https://dev.azure.com/bentleycs/_apis/resources/Containers/27754543?itemPath=mend&metadata=True","contentLocation":"https://dev.azure.com/bentleycs/_apis/resources/Containers/27754543?itemPath=mend","contentId":""},{"containerId":27754543,"scopeIdentifier":"2c48216e-e72f-48b4-a4eb-40ff1c04e8e4","path":"mend/default.json","itemType":"file","status":"created","fileLength":1102,"fileEncoding":1,"fileType":1,"dateCreated":"2026-02-11T11:29:05.147Z","dateLastModified":"2026-02-11T11:29:05.217Z","createdBy":"8fe0e31f-6c60-450c-85d8-b65b79743fd4","lastModifiedBy":"8fe0e31f-6c60-450c-85d8-b65b79743fd4","itemLocation":"https://dev.azure.com/bentleycs/_apis/resources/Containers/27754543?itemPath=mend%2Fdefault.json&metadata=True","contentLocation":"https://dev.azure.com/bentleycs/_apis/resources/Containers/27754543?itemPath=mend%2Fdefault.json","fileId":-1031808517,"contentId":""},{"containerId":27754543,"scopeIdentifier":"2c48216e-e72f-48b4-a4eb-40ff1c04e8e4","path":"mend/update-request.txt","itemType":"file","status":"created","fileLength":1639650,"fileEncoding":1,"fileType":1,"dateCreated":"2026-02-11T11:29:05.15Z","dateLastModified":"2026-02-11T11:29:05.24Z","createdBy":"46ecce86-27ab-48c7-aa34-c28395e54d97","lastModifiedBy":"46ecce86-27ab-48c7-aa34-c28395e54d97","itemLocation":"https://dev.azure.com/bentleycs/_apis/resources/Containers/27754543?itemPath=mend%2Fupdate-request.txt&metadata=True","contentLocation":"https://dev.azure.com/bentleycs/_apis/resources/Containers/27754543?itemPath=mend%2Fupdate-request.txt","fileId":-1031808518,"contentId":""},{"containerId":27754543,"scopeIdentifier":"2c48216e-e72f-48b4-a4eb-40ff1c04e8e4","path":"mend/Wed-Feb-11-2026-11.21.48","itemType":"folder","status":"created","dateCreated":"2026-02-11T11:22:53.403Z","dateLastModified":"2026-02-11T11:22:53.403Z","createdBy":"43863d56-8447-4aee-9775-3aa5ae7cc0ce","lastModifiedBy":"43863d56-8447-4aee-9775-3aa5ae7cc0ce","itemLocation":"https://dev.azure.com/bentleycs/_apis/resources/Containers/27754543?itemPath=mend%2FWed-Feb-11-2026-11.21.48&metadata=True","contentLocation":"https://dev.azure.com/bentleycs/_apis/resources/Containers/27754543?itemPath=mend%2FWed-Feb-11-2026-11.21.48","contentId":""},{"containerId":27754543,"scopeIdentifier":"2c48216e-e72f-48b4-a4eb-40ff1c04e8e4","path":"mend/Wed-Feb-11-2026-11.28.01","itemType":"folder","status":"created","dateCreated":"2026-02-11T11:29:05.157Z","dateLastModified":"2026-02-11T11:29:05.157Z","createdBy":"43863d56-8447-4aee-9775-3aa5ae7cc0ce","lastModifiedBy":"43863d56-8447-4aee-9775-3aa5ae7cc0ce","itemLocation":"https://dev.azure.com/bentleycs/_apis/resources/Containers/27754543?itemPath=mend%2FWed-Feb-11-2026-11.28.01&metadata=True","contentLocation":"https://dev.azure.com/bentleycs/_apis/resources/Containers/27754543?itemPath=mend%2FWed-Feb-11-2026-11.28.01","contentId":""},{"containerId":27754543,"scopeIdentifier":"2c48216e-e72f-48b4-a4eb-40ff1c04e8e4","path":"mend/Wed-Feb-11-2026-11.21.48/whitesource.0.log","itemType":"file","status":"created","fileLength":735531,"fileEncoding":1,"fileType":1,"dateCreated":"2026-02-11T11:22:53.403Z","dateLastModified":"2026-02-11T11:22:53.5Z","createdBy":"43863d56-8447-4aee-9775-3aa5ae7cc0ce","lastModifiedBy":"43863d56-8447-4aee-9775-3aa5ae7cc0ce","itemLocation":"https://dev.azure.com/bentleycs/_apis/resources/Containers/27754543?itemPath=mend%2FWed-Feb-11-2026-11.21.48%2Fwhitesource.0.log&metadata=True","contentLocation":"https://dev.azure.com/bentleycs/_apis/resources/Containers/27754543?itemPath=mend%2FWed-Feb-11-2026-11.21.48%2Fwhitesource.0.log","fileId":-1031802582,"contentId":""},{"containerId":27754543,"scopeIdentifier":"2c48216e-e72f-48b4-a4eb-40ff1c04e8e4","path":"mend/Wed-Feb-11-2026-11.28.01/whitesource.0.log","itemType":"file","status":"created","fileLength":735530,"fileEncoding":1,"fileType":1,"dateCreated":"2026-02-11T11:29:05.157Z","dateLastModified":"2026-02-11T11:29:05.237Z","createdBy":"43863d56-8447-4aee-9775-3aa5ae7cc0ce","lastModifiedBy":"43863d56-8447-4aee-9775-3aa5ae7cc0ce","itemLocation":"https://dev.azure.com/bentleycs/_apis/resources/Containers/27754543?itemPath=mend%2FWed-Feb-11-2026-11.28.01%2Fwhitesource.0.log&metadata=True","contentLocation":"https://dev.azure.com/bentleycs/_apis/resources/Containers/27754543?itemPath=mend%2FWed-Feb-11-2026-11.28.01%2Fwhitesource.0.log","fileId":-1031808519,"contentId":""}]}
2026-02-19T18:44:12.2526264Z ##[debug]container path: mend/default.json
2026-02-19T18:44:12.2527159Z ##[debug]file_pattern dosen't match: 'mend/default.json'!='*update-request*'
2026-02-19T18:44:12.2527980Z ##[debug]container path: mend/update-request.txt
2026-02-19T18:44:12.2528723Z file_name: update-request.txt
2026-02-19T18:44:12.2529588Z content_location: https://dev.azure.com/bentleycs/_apis/resources/Containers/27754543?itemPath=mend/update-request.txt
2026-02-19T18:44:12.2530939Z destination: D:\a\_temp\mend\update-request.txt
2026-02-19T18:44:12.2532023Z ##[debug]GET request_url: https://dev.azure.com/bentleycs/_apis/resources/Containers/27754543?itemPath=mend/update-request.txt
2026-02-19T18:44:12.2536149Z Starting new HTTPS connection (1): dev.azure.com:443
2026-02-19T18:44:12.7274505Z https://dev.azure.com:443 "GET /bentleycs/_apis/resources/Containers/27754543?itemPath=mend/update-request.txt HTTP/1.1" 200 210959
2026-02-19T18:44:12.7336281Z ##[debug]Status Code 200: OK
2026-02-19T18:44:12.7337187Z ##[debug]Encoding: None
2026-02-19T18:44:12.7338065Z ##[debug]Elapsed time: 0:00:00.474078
2026-02-19T18:44:12.7338844Z ##[debug]Result code: 200
2026-02-19T18:44:12.7350615Z Sucessfully Downloaded: D:\a\_temp\mend\update-request.txt
2026-02-19T18:44:12.7365114Z ##[debug]container path: mend/Wed-Feb-11-2026-11.21.48/whitesource.0.log
2026-02-19T18:44:12.7366142Z ##[debug]file_pattern dosen't match: 'mend/Wed-Feb-11-2026-11.21.48/whitesource.0.log'!='*update-request*'
2026-02-19T18:44:12.7367112Z ##[debug]container path: mend/Wed-Feb-11-2026-11.28.01/whitesource.0.log
2026-02-19T18:44:12.7368603Z ##[debug]file_pattern dosen't match: 'mend/Wed-Feb-11-2026-11.28.01/whitesource.0.log'!='*update-request*'
2026-02-19T18:44:12.7394813Z List of update-request files: ['D:\\a\\_temp\\mend\\update-request.txt']
2026-02-19T18:44:12.7395531Z End time: 2026-02-19 18:44:12
2026-02-19T18:44:12.7396112Z Duration: 0:00:01.045233
2026-02-19T18:44:12.7396354Z 
2026-02-19T18:44:12.7397001Z ##[section]******************************************************************************************************************************************************
2026-02-19T18:44:12.7397757Z ##[section]Sending the scan to Mend using the request files.
2026-02-19T18:44:12.7398546Z ##[section]******************************************************************************************************************************************************
2026-02-19T18:44:12.7399265Z Start time: 2026-02-19 18:44:12
2026-02-19T18:44:12.7399845Z ##[debug]validate_update_request(update_request_file=D:\a\_temp\mend\update-request.txt)
2026-02-19T18:44:12.7468573Z ##[debug]The file 'D:\a\_temp\mend\update-request.txt' is a valid update-request file.
2026-02-19T18:44:12.7470173Z ##[debug]get_product_from_update_request(update_request_file=D:\a\_temp\mend\update-request.txt)
2026-02-19T18:44:12.7563038Z ##[debug]get_project_from_update_request(update_request_file=D:\a\_temp\mend\update-request.txt)
2026-02-19T18:44:12.7624176Z Restore the projects form 'D:\a\_temp\mend\update-request.txt'.
2026-02-19T18:44:12.7625554Z product_name: General Purpose iModel.js Backend (GPIMB - 2947)
2026-02-19T18:44:12.7626593Z projects_name: ['DEV - image - 2026.02.11.3 - ADO4788198 - Docker']
2026-02-19T18:44:12.7627543Z ##[debug]add_secrets_to_update_request(update_request_file=D:\a\_temp\mend\update-request.txt)
2026-02-19T18:44:12.8139900Z ##[debug]login()
2026-02-19T18:44:12.8149495Z Starting new HTTPS connection (1): api-app.whitesourcesoftware.com:443
2026-02-19T18:44:13.2094458Z https://api-app.whitesourcesoftware.com:443 "POST /api/v2.0/login HTTP/1.1" 200 None
2026-02-19T18:44:13.2100076Z ##[debug]get_product_token('General Purpose iModel.js Backend (GPIMB - 2947)')
2026-02-19T18:44:13.2102152Z ##[debug]request_url='https://api-app.whitesourcesoftware.com/api/v2.0/orgs/***/products?pageSize=50&page=0'
2026-02-19T18:44:13.3142051Z https://api-app.whitesourcesoftware.com:443 "GET /api/v2.0/orgs/***/products?pageSize=50&page=0 HTTP/1.1" 200 None
2026-02-19T18:44:13.3149075Z ##[debug]request_url='https://api-app.whitesourcesoftware.com/api/v2.0/orgs/***/products?pageSize=50&page=1'
2026-02-19T18:44:13.4163044Z https://api-app.whitesourcesoftware.com:443 "GET /api/v2.0/orgs/***/products?pageSize=50&page=1 HTTP/1.1" 200 None
2026-02-19T18:44:13.4169879Z ##[debug]request_url='https://api-app.whitesourcesoftware.com/api/v2.0/orgs/***/products?pageSize=50&page=2'
2026-02-19T18:44:13.4884449Z https://api-app.whitesourcesoftware.com:443 "GET /api/v2.0/orgs/***/products?pageSize=50&page=2 HTTP/1.1" 200 None
2026-02-19T18:44:13.4890463Z ##[debug]request_url='https://api-app.whitesourcesoftware.com/api/v2.0/orgs/***/products?pageSize=50&page=3'
2026-02-19T18:44:13.5657080Z https://api-app.whitesourcesoftware.com:443 "GET /api/v2.0/orgs/***/products?pageSize=50&page=3 HTTP/1.1" 200 None
2026-02-19T18:44:13.5662631Z ##[debug]request_url='https://api-app.whitesourcesoftware.com/api/v2.0/orgs/***/products?pageSize=50&page=4'
2026-02-19T18:44:13.7067082Z https://api-app.whitesourcesoftware.com:443 "GET /api/v2.0/orgs/***/products?pageSize=50&page=4 HTTP/1.1" 200 None
2026-02-19T18:44:13.7073708Z ##[debug]request_url='https://api-app.whitesourcesoftware.com/api/v2.0/orgs/***/products?pageSize=50&page=5'
2026-02-19T18:44:13.8127498Z https://api-app.whitesourcesoftware.com:443 "GET /api/v2.0/orgs/***/products?pageSize=50&page=5 HTTP/1.1" 200 None
2026-02-19T18:44:13.8135057Z ##[debug]request_url='https://api-app.whitesourcesoftware.com/api/v2.0/orgs/***/products?pageSize=50&page=6'
2026-02-19T18:44:13.9640991Z https://api-app.whitesourcesoftware.com:443 "GET /api/v2.0/orgs/***/products?pageSize=50&page=6 HTTP/1.1" 200 None
2026-02-19T18:44:13.9647576Z ##[debug](2.0)get_product_tags('09dd17ae-b03d-4604-bbcd-2b343192b94e')
2026-02-19T18:44:13.9649028Z ##[debug]get_product_tags('09dd17ae-b03d-4604-bbcd-2b343192b94e')
2026-02-19T18:44:13.9658463Z Starting new HTTPS connection (1): app.whitesourcesoftware.com:443
2026-02-19T18:44:14.3521391Z https://app.whitesourcesoftware.com:443 "POST /api/v1.4 HTTP/1.1" 200 None
2026-02-19T18:44:14.3541421Z [warning]The 'update-request.txt' file is less than 5MB (1.59MB) we'll use the Mend CLI upload.
2026-02-19T18:44:14.3560097Z ##[debug]post_update_request_with_mend_cli(update_request='D:\a\_temp\mend\update-request.txt', download_path='D:\a\_temp')
2026-02-19T18:44:14.3560760Z 
2026-02-19T18:44:14.3561793Z ##[section]******************************************************************************************************************************************************
2026-02-19T18:44:14.3562841Z ##[section]Downloading the Mend CLI under: 'D:\a\_temp\mend.exe'
2026-02-19T18:44:14.3564046Z ##[section]******************************************************************************************************************************************************
2026-02-19T18:44:14.3565051Z Mend CLI url: 'https://downloads.mend.io/cli/windows_amd64/mend.exe'
2026-02-19T18:44:14.3572536Z Starting new HTTPS connection (1): downloads.mend.io:443
2026-02-19T18:44:14.7081569Z https://downloads.mend.io:443 "GET /cli/windows_amd64/mend.exe HTTP/1.1" 200 9092680
2026-02-19T18:44:14.7083155Z ##[debug]Result code: 200
2026-02-19T18:44:14.7571283Z Mend CLI sucessfully Downloaded: mend.exe
2026-02-19T18:44:14.7581771Z Starting new HTTPS connection (1): downloads.mend.io:443
2026-02-19T18:44:15.0153853Z https://downloads.mend.io:443 "GET /cli/windows_amd64/mend.exe.sha256 HTTP/1.1" 200 75
2026-02-19T18:44:15.0238850Z Mend CLI checksum validation succeeded.
2026-02-19T18:44:15.0253389Z 
2026-02-19T18:44:15.0254630Z ##[section]******************************************************************************************************************************************************
2026-02-19T18:44:15.0257893Z ##[section]Sending the scan to Mend with the request file: 'D:\a\_temp\mend\update-request.txt'
2026-02-19T18:44:15.0259219Z ##[section]******************************************************************************************************************************************************
2026-02-19T18:44:15.0260119Z mend_environment:
2026-02-19T18:44:15.0260896Z ##[debug]    set MEND_URL=https://app.whitesourcesoftware.com
2026-02-19T18:44:15.0261702Z ##[debug]    set MEND_EMAIL=***
2026-02-19T18:44:15.0262481Z ##[debug]    set MEND_USER_KEY=***
2026-02-19T18:44:15.0263194Z ##[debug]    set MEND_LOG_LEVEL=DEBUG
2026-02-19T18:44:15.0264156Z ##[debug]Upload Scan Command: D:\a\_temp\mend.exe dependencies --scope General Purpose iModel.js Backend (GPIMB - 2947)//DEV - image - 2026.02.11.3 - ADO4788198 - Docker --update --file D:\a\_temp\mend\update-request.txt --non-interactive
2026-02-19T18:44:15.0264798Z 
2026-02-19T18:44:15.0265478Z ##[group]Upload Mend scan log
2026-02-19T18:44:15.4328060Z ##[debug]Agent environment resources - Disk: D:\ Available 74723.81 MB out of 76798.00 MB, Memory: Used 2704.00 MB out of 8186.00 MB, CPU: Usage 37.00%
2026-02-19T18:44:16.3712691Z 
2026-02-19T18:44:20.7161743Z ##[debug]Agent environment resources - Disk: D:\ Available 74711.67 MB out of 76798.00 MB, Memory: Used 2844.00 MB out of 8186.00 MB, CPU: Usage 1.00%
2026-02-19T18:44:23.5080178Z 
2026-02-19T18:44:23.5082101Z Error: failed to check policy compliance - 3b46f8b056b784603b8dfdfb69dd8ace91771526657619 - Illegal arguments, Invalid dependency info - empty sha1 and no full GAV coordinates, DependencyInfo@5eb04bf[groupId= ,artifactId= libblkid1_2.41-5_amd64.deb,version= 2.41-5,filename= null,dependencyType= Debian ]
2026-02-19T18:44:23.5083404Z An error occurred, a summary log of this run can be found at: file:///C:/Users/VssAdministrator/.mend/logs/sca/119f1ceb-f1f4-44ef-8435-dab62ab0ba82/sca_2026-02-19_18-44-16.log
2026-02-19T18:44:23.5248862Z ##[error]The upload failed error: Command '['D:\\a\\_temp\\mend.exe', 'dependencies', '--scope', 'General Purpose iModel.js Backend (GPIMB - 2947)//DEV - image - 2026.02.11.3 - ADO4788198 - Docker', '--update', '--file', 'D:\\a\\_temp\\mend\\update-request.txt', '--non-interactive']' returned non-zero exit status 2.
2026-02-19T18:44:23.5261164Z ##[error]Retrying in 30 seconds.
2026-02-19T18:44:25.9865344Z ##[debug]Agent environment resources - Disk: D:\ Available 74711.67 MB out of 76798.00 MB, Memory: Used 2699.00 MB out of 8186.00 MB, CPU: Usage 2.00%
2026-02-19T18:44:31.2707975Z ##[debug]Agent environment resources - Disk: D:\ Available 74711.67 MB out of 76798.00 MB, Memory: Used 2699.00 MB out of 8186.00 MB, CPU: Usage 2.00%
2026-02-19T18:44:36.5428018Z ##[debug]Agent environment resources - Disk: D:\ Available 74711.67 MB out of 76798.00 MB, Memory: Used 2699.00 MB out of 8186.00 MB, CPU: Usage 11.00%
2026-02-19T18:44:41.8281753Z ##[debug]Agent environment resources - Disk: D:\ Available 74711.67 MB out of 76798.00 MB, Memory: Used 2698.00 MB out of 8186.00 MB, CPU: Usage 7.00%
2026-02-19T18:44:47.0996994Z ##[debug]Agent environment resources - Disk: D:\ Available 74711.67 MB out of 76798.00 MB, Memory: Used 2697.00 MB out of 8186.00 MB, CPU: Usage 5.00%
2026-02-19T18:44:52.0994760Z ##[debug]Agent environment resources - Disk: D:\ Available 74711.67 MB out of 76798.00 MB, Memory: Used 2694.00 MB out of 8186.00 MB, CPU: Usage 5.00%
2026-02-19T18:44:53.5264209Z Retry 1/10
2026-02-19T18:44:54.3296653Z 
2026-02-19T18:44:57.1046098Z ##[debug]Agent environment resources - Disk: D:\ Available 74711.67 MB out of 76798.00 MB, Memory: Used 2730.00 MB out of 8186.00 MB, CPU: Usage 1.00%
2026-02-19T18:45:02.1196605Z ##[debug]Agent environment resources - Disk: D:\ Available 74713.27 MB out of 76798.00 MB, Memory: Used 2739.00 MB out of 8186.00 MB, CPU: Usage 1.00%
2026-02-19T18:45:02.6952960Z 
2026-02-19T18:45:02.6955193Z Error: failed to check policy compliance - 050a7db81cf8140e3a008cad09d144e591771526696987 - Illegal arguments, Invalid dependency info - empty sha1 and no full GAV coordinates, DependencyInfo@e5e53fa9[groupId= ,artifactId= libblkid1_2.41-5_amd64.deb,version= 2.41-5,filename= null,dependencyType= Debian ]
2026-02-19T18:45:02.6956741Z An error occurred, a summary log of this run can be found at: file:///C:/Users/VssAdministrator/.mend/logs/sca/128fe56a-22a0-445b-8d4c-c1631a3c74c3/sca_2026-02-19_18-44-54.log
2026-02-19T18:45:02.7091276Z ##[error]The upload failed error: Command '['D:\\a\\_temp\\mend.exe', 'dependencies', '--scope', 'General Purpose iModel.js Backend (GPIMB - 2947)//DEV - image - 2026.02.11.3 - ADO4788198 - Docker', '--update', '--file', 'D:\\a\\_temp\\mend\\update-request.txt', '--non-interactive']' returned non-zero exit status 2.
2026-02-19T18:45:02.7103261Z ##[error]Retrying in 30 seconds.
2026-02-19T18:45:07.1205043Z ##[debug]Agent environment resources - Disk: D:\ Available 74711.67 MB out of 76798.00 MB, Memory: Used 2687.00 MB out of 8186.00 MB, CPU: Usage 6.00%
2026-02-19T18:45:12.1224920Z ##[debug]Agent environment resources - Disk: D:\ Available 74711.67 MB out of 76798.00 MB, Memory: Used 2686.00 MB out of 8186.00 MB, CPU: Usage 1.00%
2026-02-19T18:45:17.1222595Z ##[debug]Agent environment resources - Disk: D:\ Available 74711.67 MB out of 76798.00 MB, Memory: Used 2686.00 MB out of 8186.00 MB, CPU: Usage 3.00%
2026-02-19T18:45:22.1219123Z ##[debug]Agent environment resources - Disk: D:\ Available 74711.67 MB out of 76798.00 MB, Memory: Used 2685.00 MB out of 8186.00 MB, CPU: Usage 2.00%
2026-02-19T18:45:27.1239849Z ##[debug]Agent environment resources - Disk: D:\ Available 74711.67 MB out of 76798.00 MB, Memory: Used 2684.00 MB out of 8186.00 MB, CPU: Usage 2.00%
2026-02-19T18:45:32.1244022Z ##[debug]Agent environment resources - Disk: D:\ Available 74711.67 MB out of 76798.00 MB, Memory: Used 2682.00 MB out of 8186.00 MB, CPU: Usage 4.00%
2026-02-19T18:45:32.7111006Z Retry 2/10
2026-02-19T18:45:33.4616849Z 
2026-02-19T18:45:37.1287257Z ##[debug]Agent environment resources - Disk: D:\ Available 74711.67 MB out of 76798.00 MB, Memory: Used 2727.00 MB out of 8186.00 MB, CPU: Usage 4.00%
2026-02-19T18:45:42.1305491Z ##[debug]Agent environment resources - Disk: D:\ Available 74711.67 MB out of 76798.00 MB, Memory: Used 2728.00 MB out of 8186.00 MB, CPU: Usage 3.00%
2026-02-19T18:45:42.5837573Z 
2026-02-19T18:45:42.5839824Z Error: failed to check policy compliance - 21c99d86fccec4683af01758cc968ea371771526736811 - Illegal arguments, Invalid dependency info - empty sha1 and no full GAV coordinates, DependencyInfo@e8228354[groupId= ,artifactId= libblkid1_2.41-5_amd64.deb,version= 2.41-5,filename= null,dependencyType= Debian ]
2026-02-19T18:45:42.5841291Z An error occurred, a summary log of this run can be found at: file:///C:/Users/VssAdministrator/.mend/logs/sca/0dadd99b-e81a-4cec-b511-5ca4b7d47188/sca_2026-02-19_18-45-33.log
2026-02-19T18:45:42.5987193Z ##[error]The upload failed error: Command '['D:\\a\\_temp\\mend.exe', 'dependencies', '--scope', 'General Purpose iModel.js Backend (GPIMB - 2947)//DEV - image - 2026.02.11.3 - ADO4788198 - Docker', '--update', '--file', 'D:\\a\\_temp\\mend\\update-request.txt', '--non-interactive']' returned non-zero exit status 2.
2026-02-19T18:45:42.5999567Z ##[error]Retrying in 30 seconds.
2026-02-19T18:45:47.1317701Z ##[debug]Agent environment resources - Disk: D:\ Available 74711.67 MB out of 76798.00 MB, Memory: Used 2679.00 MB out of 8186.00 MB, CPU: Usage 2.00%
2026-02-19T18:45:52.1341116Z ##[debug]Agent environment resources - Disk: D:\ Available 74711.67 MB out of 76798.00 MB, Memory: Used 2678.00 MB out of 8186.00 MB, CPU: Usage 12.00%
2026-02-19T18:45:57.1358044Z ##[debug]Agent environment resources - Disk: D:\ Available 74711.67 MB out of 76798.00 MB, Memory: Used 2674.00 MB out of 8186.00 MB, CPU: Usage 3.00%
2026-02-19T18:46:02.1384773Z ##[debug]Agent environment resources - Disk: D:\ Available 74711.67 MB out of 76798.00 MB, Memory: Used 2671.00 MB out of 8186.00 MB, CPU: Usage 5.00%
2026-02-19T18:46:07.1473608Z ##[debug]Agent environment resources - Disk: D:\ Available 74711.67 MB out of 76798.00 MB, Memory: Used 2664.00 MB out of 8186.00 MB, CPU: Usage 3.00%
2026-02-19T18:46:12.1645895Z ##[debug]Agent environment resources - Disk: D:\ Available 74711.67 MB out of 76798.00 MB, Memory: Used 2659.00 MB out of 8186.00 MB, CPU: Usage 2.00%
2026-02-19T18:46:12.6003162Z Retry 3/10
2026-02-19T18:46:13.3056379Z 
2026-02-19T18:46:17.1727769Z ##[debug]Agent environment resources - Disk: D:\ Available 74711.67 MB out of 76798.00 MB, Memory: Used 2702.00 MB out of 8186.00 MB, CPU: Usage 3.00%
2026-02-19T18:46:22.1430212Z 
2026-02-19T18:46:22.1432396Z Error: failed to check policy compliance - 35b4ed7dbe6da4a7cbc17558d111e7dfe1771526776305 - Illegal arguments, Invalid dependency info - empty sha1 and no full GAV coordinates, DependencyInfo@245a146d[groupId= ,artifactId= libblkid1_2.41-5_amd64.deb,version= 2.41-5,filename= null,dependencyType= Debian ]
2026-02-19T18:46:22.1433762Z An error occurred, a summary log of this run can be found at: file:///C:/Users/VssAdministrator/.mend/logs/sca/75a69c0a-c22b-498b-9d9d-8781b63a9a7b/sca_2026-02-19_18-46-13.log
2026-02-19T18:46:22.1570390Z ##[error]The upload failed error: Command '['D:\\a\\_temp\\mend.exe', 'dependencies', '--scope', 'General Purpose iModel.js Backend (GPIMB - 2947)//DEV - image - 2026.02.11.3 - ADO4788198 - Docker', '--update', '--file', 'D:\\a\\_temp\\mend\\update-request.txt', '--non-interactive']' returned non-zero exit status 2.
2026-02-19T18:46:22.1582656Z ##[error]Retrying in 30 seconds.
2026-02-19T18:46:22.1895303Z ##[debug]Agent environment resources - Disk: D:\ Available 74711.67 MB out of 76798.00 MB, Memory: Used 2663.00 MB out of 8186.00 MB, CPU: Usage 2.00%
2026-02-19T18:46:27.2090415Z ##[debug]Agent environment resources - Disk: D:\ Available 74711.67 MB out of 76798.00 MB, Memory: Used 2659.00 MB out of 8186.00 MB, CPU: Usage 2.00%
2026-02-19T18:46:32.2241563Z ##[debug]Agent environment resources - Disk: D:\ Available 74711.67 MB out of 76798.00 MB, Memory: Used 2658.00 MB out of 8186.00 MB, CPU: Usage 1.00%
2026-02-19T18:46:37.2425458Z ##[debug]Agent environment resources - Disk: D:\ Available 74711.67 MB out of 76798.00 MB, Memory: Used 2656.00 MB out of 8186.00 MB, CPU: Usage 1.00%
2026-02-19T18:46:42.2579872Z ##[debug]Agent environment resources - Disk: D:\ Available 74711.67 MB out of 76798.00 MB, Memory: Used 2654.00 MB out of 8186.00 MB, CPU: Usage 4.00%
2026-02-19T18:46:47.2734840Z ##[debug]Agent environment resources - Disk: D:\ Available 74711.67 MB out of 76798.00 MB, Memory: Used 2438.00 MB out of 8186.00 MB, CPU: Usage 2.00%
2026-02-19T18:46:52.1585573Z Retry 4/10
2026-02-19T18:46:52.2874866Z ##[debug]Agent environment resources - Disk: D:\ Available 74711.67 MB out of 76798.00 MB, Memory: Used 2443.00 MB out of 8186.00 MB, CPU: Usage 5.00%
2026-02-19T18:46:53.1574485Z 
2026-02-19T18:46:57.2987606Z ##[debug]Agent environment resources - Disk: D:\ Available 74711.67 MB out of 76798.00 MB, Memory: Used 2490.00 MB out of 8186.00 MB, CPU: Usage 3.00%
2026-02-19T18:47:01.5061426Z 
2026-02-19T18:47:01.5067342Z Error: failed to check policy compliance - 1c87908d504534e0197ea837b681ee7801771526815717 - Illegal arguments, Invalid dependency info - empty sha1 and no full GAV coordinates, DependencyInfo@245a146d[groupId= ,artifactId= libblkid1_2.41-5_amd64.deb,version= 2.41-5,filename= null,dependencyType= Debian ]
2026-02-19T18:47:01.5070381Z An error occurred, a summary log of this run can be found at: file:///C:/Users/VssAdministrator/.mend/logs/sca/89f15e8f-b20f-4a61-8cf9-837689ec5713/sca_2026-02-19_18-46-53.log
2026-02-19T18:47:01.5349730Z ##[error]The upload failed error: Command '['D:\\a\\_temp\\mend.exe', 'dependencies', '--scope', 'General Purpose iModel.js Backend (GPIMB - 2947)//DEV - image - 2026.02.11.3 - ADO4788198 - Docker', '--update', '--file', 'D:\\a\\_temp\\mend\\update-request.txt', '--non-interactive']' returned non-zero exit status 2.
2026-02-19T18:47:01.5355630Z ##[error]Retrying in 30 seconds.
2026-02-19T18:47:02.3206917Z ##[debug]Agent environment resources - Disk: D:\ Available 74711.67 MB out of 76798.00 MB, Memory: Used 2500.00 MB out of 8186.00 MB, CPU: Usage 2.00%
2026-02-19T18:47:07.3282826Z ##[debug]Agent environment resources - Disk: D:\ Available 74711.67 MB out of 76798.00 MB, Memory: Used 2533.00 MB out of 8186.00 MB, CPU: Usage 25.00%
2026-02-19T18:47:12.3442672Z ##[debug]Agent environment resources - Disk: D:\ Available 74711.67 MB out of 76798.00 MB, Memory: Used 2624.00 MB out of 8186.00 MB, CPU: Usage 25.00%
2026-02-19T18:47:17.7475261Z ##[debug]Agent environment resources - Disk: D:\ Available 74711.67 MB out of 76798.00 MB, Memory: Used 2563.00 MB out of 8186.00 MB, CPU: Usage 3.00%
2026-02-19T18:47:22.7672605Z ##[debug]Agent environment resources - Disk: D:\ Available 74711.67 MB out of 76798.00 MB, Memory: Used 2563.00 MB out of 8186.00 MB, CPU: Usage 3.00%
2026-02-19T18:47:27.7665741Z ##[debug]Agent environment resources - Disk: D:\ Available 74711.67 MB out of 76798.00 MB, Memory: Used 2564.00 MB out of 8186.00 MB, CPU: Usage 2.00%
2026-02-19T18:47:31.5356984Z Retry 5/10
2026-02-19T18:47:32.2772914Z 
2026-02-19T18:47:32.7726909Z ##[debug]Agent environment resources - Disk: D:\ Available 74711.67 MB out of 76798.00 MB, Memory: Used 2566.00 MB out of 8186.00 MB, CPU: Usage 2.00%
2026-02-19T18:47:37.7725824Z ##[debug]Agent environment resources - Disk: D:\ Available 74711.67 MB out of 76798.00 MB, Memory: Used 2569.00 MB out of 8186.00 MB, CPU: Usage 17.00%
2026-02-19T18:47:40.7154107Z 
2026-02-19T18:47:40.7159642Z Error: failed to check policy compliance - 18d084b3c10ff46dc936881202687b8b31771526855017 - Illegal arguments, Invalid dependency info - empty sha1 and no full GAV coordinates, DependencyInfo@ef3f1980[groupId= ,artifactId= libblkid1_2.41-5_amd64.deb,version= 2.41-5,filename= null,dependencyType= Debian ]
2026-02-19T18:47:40.7161024Z An error occurred, a summary log of this run can be found at: file:///C:/Users/VssAdministrator/.mend/logs/sca/0284da38-36b0-4a95-bcd4-95a10188e937/sca_2026-02-19_18-47-32.log
2026-02-19T18:47:40.7304999Z ##[error]The upload failed error: Command '['D:\\a\\_temp\\mend.exe', 'dependencies', '--scope', 'General Purpose iModel.js Backend (GPIMB - 2947)//DEV - image - 2026.02.11.3 - ADO4788198 - Docker', '--update', '--file', 'D:\\a\\_temp\\mend\\update-request.txt', '--non-interactive']' returned non-zero exit status 2.
2026-02-19T18:47:40.7316341Z ##[error]Retrying in 30 seconds.
2026-02-19T18:47:42.7792371Z ##[debug]Agent environment resources - Disk: D:\ Available 74711.67 MB out of 76798.00 MB, Memory: Used 2601.00 MB out of 8186.00 MB, CPU: Usage 8.00%
2026-02-19T18:47:47.7912283Z ##[debug]Agent environment resources - Disk: D:\ Available 74711.67 MB out of 76798.00 MB, Memory: Used 2552.00 MB out of 8186.00 MB, CPU: Usage 7.00%
2026-02-19T18:47:52.7948080Z ##[debug]Agent environment resources - Disk: D:\ Available 74711.67 MB out of 76798.00 MB, Memory: Used 2515.00 MB out of 8186.00 MB, CPU: Usage 3.00%
2026-02-19T18:47:57.7973308Z ##[debug]Agent environment resources - Disk: D:\ Available 74711.67 MB out of 76798.00 MB, Memory: Used 2510.00 MB out of 8186.00 MB, CPU: Usage 2.00%
2026-02-19T18:48:02.7989668Z ##[debug]Agent environment resources - Disk: D:\ Available 74711.67 MB out of 76798.00 MB, Memory: Used 2508.00 MB out of 8186.00 MB, CPU: Usage 2.00%
2026-02-19T18:48:07.8007564Z ##[debug]Agent environment resources - Disk: D:\ Available 74711.67 MB out of 76798.00 MB, Memory: Used 2484.00 MB out of 8186.00 MB, CPU: Usage 2.00%
2026-02-19T18:48:10.7320622Z Retry 6/10
2026-02-19T18:48:11.6364245Z 
2026-02-19T18:48:12.8077832Z ##[debug]Agent environment resources - Disk: D:\ Available 74711.67 MB out of 76798.00 MB, Memory: Used 2480.00 MB out of 8186.00 MB, CPU: Usage 4.00%
2026-02-19T18:48:17.8210683Z ##[debug]Agent environment resources - Disk: D:\ Available 74711.67 MB out of 76798.00 MB, Memory: Used 2515.00 MB out of 8186.00 MB, CPU: Usage 2.00%
2026-02-19T18:48:19.9959114Z 
2026-02-19T18:48:19.9961457Z Error: failed to check policy compliance - 381b496b1a92d497e822c3922aac5067a1771526894277 - Illegal arguments, Invalid dependency info - empty sha1 and no full GAV coordinates, DependencyInfo@f4eddb0[groupId= ,artifactId= libblkid1_2.41-5_amd64.deb,version= 2.41-5,filename= null,dependencyType= Debian ]
2026-02-19T18:48:19.9966665Z An error occurred, a summary log of this run can be found at: file:///C:/Users/VssAdministrator/.mend/logs/sca/1ddf11c6-9442-4ba6-a4bc-03064ee1a4f7/sca_2026-02-19_18-48-11.log
2026-02-19T18:48:20.0102715Z ##[error]The upload failed error: Command '['D:\\a\\_temp\\mend.exe', 'dependencies', '--scope', 'General Purpose iModel.js Backend (GPIMB - 2947)//DEV - image - 2026.02.11.3 - ADO4788198 - Docker', '--update', '--file', 'D:\\a\\_temp\\mend\\update-request.txt', '--non-interactive']' returned non-zero exit status 2.
2026-02-19T18:48:20.0115250Z ##[error]Retrying in 30 seconds.
2026-02-19T18:48:22.8360234Z ##[debug]Agent environment resources - Disk: D:\ Available 74713.27 MB out of 76798.00 MB, Memory: Used 2524.00 MB out of 8186.00 MB, CPU: Usage 2.00%
2026-02-19T18:48:28.1076477Z ##[debug]Agent environment resources - Disk: D:\ Available 74711.67 MB out of 76798.00 MB, Memory: Used 2471.00 MB out of 8186.00 MB, CPU: Usage 2.00%
2026-02-19T18:48:33.3845510Z ##[debug]Agent environment resources - Disk: D:\ Available 74711.67 MB out of 76798.00 MB, Memory: Used 2468.00 MB out of 8186.00 MB, CPU: Usage 52.00%
2026-02-19T18:48:38.6662652Z ##[debug]Agent environment resources - Disk: D:\ Available 74711.67 MB out of 76798.00 MB, Memory: Used 2499.00 MB out of 8186.00 MB, CPU: Usage 10.00%
2026-02-19T18:48:43.9452253Z ##[debug]Agent environment resources - Disk: D:\ Available 74711.67 MB out of 76798.00 MB, Memory: Used 2371.00 MB out of 8186.00 MB, CPU: Usage 16.00%
2026-02-19T18:48:49.6628378Z ##[debug]Agent environment resources - Disk: D:\ Available 74711.67 MB out of 76798.00 MB, Memory: Used 2347.00 MB out of 8186.00 MB, CPU: Usage 1.00%
2026-02-19T18:48:50.0121510Z Retry 7/10
2026-02-19T18:48:50.7685982Z 
2026-02-19T18:48:54.6740103Z ##[debug]Agent environment resources - Disk: D:\ Available 74711.67 MB out of 76798.00 MB, Memory: Used 2392.00 MB out of 8186.00 MB, CPU: Usage 1.00%
2026-02-19T18:48:59.6760819Z ##[debug]Agent environment resources - Disk: D:\ Available 74713.27 MB out of 76798.00 MB, Memory: Used 2393.00 MB out of 8186.00 MB, CPU: Usage 2.00%
2026-02-19T18:49:00.5862639Z ##[error]The upload failed error: Command '['D:\\a\\_temp\\mend.exe', 'dependencies', '--scope', 'General Purpose iModel.js Backend (GPIMB - 2947)//DEV - image - 2026.02.11.3 - ADO4788198 - Docker', '--update', '--file', 'D:\\a\\_temp\\mend\\update-request.txt', '--non-interactive']' returned non-zero exit status 2.
2026-02-19T18:49:00.5863132Z 
2026-02-19T18:49:00.5872060Z ##[error]Retrying in 30 seconds.
2026-02-19T18:49:00.5872584Z Error: failed to check policy compliance - 3e0f30a49794344979ae13c46b70df3b71771526934198 - Illegal arguments, Invalid dependency info - empty sha1 and no full GAV coordinates, DependencyInfo@245a146d[groupId= ,artifactId= libblkid1_2.41-5_amd64.deb,version= 2.41-5,filename= null,dependencyType= Debian ]
2026-02-19T18:49:01.4796896Z An error occurred, a summary log of this run can be found at: file:///C:/Users/VssAdministrator/.mend/logs/sca/0356a50d-0bdd-41e5-b798-9cffd1c575c9/sca_2026-02-19_18-48-50.log
2026-02-19T18:49:04.6828710Z ##[debug]Agent environment resources - Disk: D:\ Available 74713.27 MB out of 76798.00 MB, Memory: Used 2343.00 MB out of 8186.00 MB, CPU: Usage 1.00%
2026-02-19T18:49:09.7002828Z ##[debug]Agent environment resources - Disk: D:\ Available 74711.67 MB out of 76798.00 MB, Memory: Used 2339.00 MB out of 8186.00 MB, CPU: Usage 2.00%
2026-02-19T18:49:14.7179446Z ##[debug]Agent environment resources - Disk: D:\ Available 74711.67 MB out of 76798.00 MB, Memory: Used 2288.00 MB out of 8186.00 MB, CPU: Usage 3.00%
2026-02-19T18:49:19.7328249Z ##[debug]Agent environment resources - Disk: D:\ Available 74711.67 MB out of 76798.00 MB, Memory: Used 2284.00 MB out of 8186.00 MB, CPU: Usage 3.00%
2026-02-19T18:49:24.7518539Z ##[debug]Agent environment resources - Disk: D:\ Available 74711.67 MB out of 76798.00 MB, Memory: Used 2282.00 MB out of 8186.00 MB, CPU: Usage 4.00%
2026-02-19T18:49:29.7617115Z ##[debug]Agent environment resources - Disk: D:\ Available 74711.67 MB out of 76798.00 MB, Memory: Used 2275.00 MB out of 8186.00 MB, CPU: Usage 3.00%
2026-02-19T18:49:30.3270415Z Retry 8/10
2026-02-19T18:49:31.1156680Z 
2026-02-19T18:49:34.7733356Z ##[debug]Agent environment resources - Disk: D:\ Available 74711.67 MB out of 76798.00 MB, Memory: Used 2355.00 MB out of 8186.00 MB, CPU: Usage 28.00%
2026-02-19T18:49:39.7889049Z ##[debug]Agent environment resources - Disk: D:\ Available 74713.27 MB out of 76798.00 MB, Memory: Used 2369.00 MB out of 8186.00 MB, CPU: Usage 6.00%
2026-02-19T18:49:40.5361419Z 
2026-02-19T18:49:40.5363587Z Error: failed to check policy compliance - 019e36a53b55a42abb29bbc657a145b8d1771526974571 - Illegal arguments, Invalid dependency info - empty sha1 and no full GAV coordinates, DependencyInfo@e8228354[groupId= ,artifactId= libblkid1_2.41-5_amd64.deb,version= 2.41-5,filename= null,dependencyType= Debian ]
2026-02-19T18:49:40.5365127Z An error occurred, a summary log of this run can be found at: file:///C:/Users/VssAdministrator/.mend/logs/sca/2c0341ae-a2c9-454e-8c89-2d5befd06728/sca_2026-02-19_18-49-31.log
2026-02-19T18:49:40.5512853Z ##[error]The upload failed error: Command '['D:\\a\\_temp\\mend.exe', 'dependencies', '--scope', 'General Purpose iModel.js Backend (GPIMB - 2947)//DEV - image - 2026.02.11.3 - ADO4788198 - Docker', '--update', '--file', 'D:\\a\\_temp\\mend\\update-request.txt', '--non-interactive']' returned non-zero exit status 2.
2026-02-19T18:49:40.5525509Z ##[error]Retrying in 30 seconds.
2026-02-19T18:49:44.8018953Z ##[debug]Agent environment resources - Disk: D:\ Available 74711.67 MB out of 76798.00 MB, Memory: Used 2352.00 MB out of 8186.00 MB, CPU: Usage 10.00%
2026-02-19T18:49:49.8166050Z ##[debug]Agent environment resources - Disk: D:\ Available 74711.67 MB out of 76798.00 MB, Memory: Used 2373.00 MB out of 8186.00 MB, CPU: Usage 14.00%
2026-02-19T18:49:54.8295081Z ##[debug]Agent environment resources - Disk: D:\ Available 74711.67 MB out of 76798.00 MB, Memory: Used 2687.00 MB out of 8186.00 MB, CPU: Usage 13.00%
2026-02-19T18:49:59.8443008Z ##[debug]Agent environment resources - Disk: D:\ Available 74711.67 MB out of 76798.00 MB, Memory: Used 2951.00 MB out of 8186.00 MB, CPU: Usage 48.00%
2026-02-19T18:50:04.8597487Z ##[debug]Agent environment resources - Disk: D:\ Available 74711.67 MB out of 76798.00 MB, Memory: Used 2539.00 MB out of 8186.00 MB, CPU: Usage 26.00%
2026-02-19T18:50:09.8755100Z ##[debug]Agent environment resources - Disk: D:\ Available 74711.67 MB out of 76798.00 MB, Memory: Used 2418.00 MB out of 8186.00 MB, CPU: Usage 6.00%
2026-02-19T18:50:10.5530923Z Retry 9/10
2026-02-19T18:50:11.2662485Z 
2026-02-19T18:50:14.8846397Z ##[debug]Agent environment resources - Disk: D:\ Available 74711.67 MB out of 76798.00 MB, Memory: Used 2490.00 MB out of 8186.00 MB, CPU: Usage 5.00%
2026-02-19T18:50:19.7190293Z 
2026-02-19T18:50:19.7196704Z Error: failed to check policy compliance - 07ce6bf55289640f98a1c042a027c56271771527013800 - Illegal arguments, Invalid dependency info - empty sha1 and no full GAV coordinates, DependencyInfo@ef3f1980[groupId= ,artifactId= libblkid1_2.41-5_amd64.deb,version= 2.41-5,filename= null,dependencyType= Debian ]
2026-02-19T18:50:19.7198675Z An error occurred, a summary log of this run can be found at: file:///C:/Users/VssAdministrator/.mend/logs/sca/ef515847-c73f-4602-9638-de666f930950/sca_2026-02-19_18-50-11.log
2026-02-19T18:50:19.7377271Z ##[error]The upload failed error: Command '['D:\\a\\_temp\\mend.exe', 'dependencies', '--scope', 'General Purpose iModel.js Backend (GPIMB - 2947)//DEV - image - 2026.02.11.3 - ADO4788198 - Docker', '--update', '--file', 'D:\\a\\_temp\\mend\\update-request.txt', '--non-interactive']' returned non-zero exit status 2.
2026-02-19T18:50:19.7390156Z ##[error]Retrying in 30 seconds.
2026-02-19T18:50:19.9070460Z ##[debug]Agent environment resources - Disk: D:\ Available 74711.67 MB out of 76798.00 MB, Memory: Used 2465.00 MB out of 8186.00 MB, CPU: Usage 14.00%
2026-02-19T18:50:24.9213185Z ##[debug]Agent environment resources - Disk: D:\ Available 74711.67 MB out of 76798.00 MB, Memory: Used 2472.00 MB out of 8186.00 MB, CPU: Usage 6.00%
2026-02-19T18:50:29.9352865Z ##[debug]Agent environment resources - Disk: D:\ Available 74711.67 MB out of 76798.00 MB, Memory: Used 2483.00 MB out of 8186.00 MB, CPU: Usage 5.00%
2026-02-19T18:50:34.9513449Z ##[debug]Agent environment resources - Disk: D:\ Available 74711.67 MB out of 76798.00 MB, Memory: Used 2490.00 MB out of 8186.00 MB, CPU: Usage 6.00%
2026-02-19T18:50:39.9687910Z ##[debug]Agent environment resources - Disk: D:\ Available 74711.67 MB out of 76798.00 MB, Memory: Used 2503.00 MB out of 8186.00 MB, CPU: Usage 6.00%
2026-02-19T18:50:44.9816168Z ##[debug]Agent environment resources - Disk: D:\ Available 74711.67 MB out of 76798.00 MB, Memory: Used 2516.00 MB out of 8186.00 MB, CPU: Usage 6.00%
2026-02-19T18:50:49.7393136Z Retry 10/10
2026-02-19T18:50:49.7397654Z ##[endgroup]
2026-02-19T18:50:49.9959249Z ##[debug]Agent environment resources - Disk: D:\ Available 74711.67 MB out of 76798.00 MB, Memory: Used 2526.00 MB out of 8186.00 MB, CPU: Usage 3.00%
2026-02-19T18:50:50.2451292Z [warning]Exception occurred with Mend CLI: cannot access local variable 'completed_process' where it is not associated with a value. Trying with unified agent...
2026-02-19T18:50:50.2452570Z ##[debug]scan(update_request='D:\a\_temp\mend\update-request.txt', download_path='D:\a\_temp', java_exe='java')
2026-02-19T18:50:50.2453115Z 
2026-02-19T18:50:50.2454062Z ##[section]******************************************************************************************************************************************************
2026-02-19T18:50:50.2455041Z ##[section]Downloading the unified agent under: 'D:\a\_temp\wss-unified-agent.jar'
2026-02-19T18:50:50.2456095Z ##[section]******************************************************************************************************************************************************
2026-02-19T18:50:50.2457077Z Unified agent url: 'https://github.com/whitesource/unified-agent-distribution/releases/latest/download/wss-unified-agent.jar'
2026-02-19T18:50:50.2473851Z Starting new HTTPS connection (1): github.com:443
2026-02-19T18:50:50.5931293Z https://github.com:443 "GET /whitesource/unified-agent-distribution/releases/latest/download/wss-unified-agent.jar HTTP/1.1" 302 0
2026-02-19T18:50:50.6127749Z https://github.com:443 "GET /whitesource/unified-agent-distribution/releases/download/v26.1.2/wss-unified-agent.jar HTTP/1.1" 302 0
2026-02-19T18:50:50.6150915Z Starting new HTTPS connection (1): release-assets.githubusercontent.com:443
2026-02-19T18:50:50.8998878Z https://release-assets.githubusercontent.com:443 "GET /github-production-release-asset/164440136/82202982-c709-47ec-af52-8ce2a1d590f5?sp=r&sv=2018-11-09&sr=b&spr=https&se=2026-02-19T19%3A29%3A54Z&rscd=attachment%3B+filename%3Dwss-unified-agent.jar&rsct=application%2Foctet-stream&skoid=96c2d410-5711-43a1-aedd-ab1947aa7ab0&sktid=398a6654-997b-47e9-b12b-9515b896b4de&skt=2026-02-19T18%3A29%3A51Z&ske=2026-02-19T19%3A29%3A54Z&sks=b&skv=2018-11-09&sig=xrxTKA6g1pdHToqN92%2BcH4iNO%2BP98UbTYRLZxCWl9os%3D&jwt=*** HTTP/1.1" 200 117024931
2026-02-19T18:50:50.9001319Z ##[debug]Result code: 200
2026-02-19T18:50:51.4870496Z Agent sucessfully Downloaded: wss-unified-agent.jar
2026-02-19T18:50:51.4871565Z 
2026-02-19T18:50:51.4872762Z ##[section]******************************************************************************************************************************************************
2026-02-19T18:50:51.4873873Z ##[section]Sending the scan to Mend with the request file: 'D:\a\_temp\mend\update-request.txt'
2026-02-19T18:50:51.4874930Z ##[section]******************************************************************************************************************************************************
2026-02-19T18:50:51.4876121Z ##[group]Upload Mend scan log
2026-02-19T18:50:54.9953909Z ##[debug]Agent environment resources - Disk: D:\ Available 74600.07 MB out of 76798.00 MB, Memory: Used 2526.00 MB out of 8186.00 MB, CPU: Usage 37.00%
2026-02-19T18:50:58.0798046Z [INFO] [2026-02-19 18:50:58,066 +0000] - UnifiedAgent version (pluginVersion) : 26.1.2
2026-02-19T18:50:58.0879223Z [INFO] [2026-02-19 18:50:58,086 +0000] - 
2026-02-19T18:50:58.0880255Z ##### general #####
2026-02-19T18:50:58.0880824Z wss.url=https://app.whitesourcesoftware.com/agent
2026-02-19T18:50:58.0881427Z userKey=******
2026-02-19T18:50:58.0881930Z projectTag=
2026-02-19T18:50:58.0897107Z includes=**/*.7z,**/*.a,**/*.aar,**/*.air,**/*.apk,**/*.ar,**/*.bb,**/*.bz2,**/*.car,**/*.conda,**/*.cpa,**/*.crate,**/*.deb,**/*.dll,**/*.dmg,**/*.docker,**/*.drpm,**/*.ear,**/*.egg,**/*.epk,**/*.exe,**/*.gal,**/*.gem,**/*.gzip,**/*.har,**/*.hpi,**/*.jar,**/*.jar.pack.gz,**/*.jpi,**/*.js,**/*.ko,**/*.min.js,**/*.msi,**/*.nupkg,**/*.pkg.tar.xz,**/*.rpm,**/*.sar,**/*.sit,**/*.so,**/*.swc,**/*.swf,**/*.tar,**/*.tar.bz2,**/*.tar.gz,**/*.tbz,**/*.tgz,**/*.udeb,**/*.war,**/*.whl,**/*.zip,**/*.4th,**/*.6pl,**/*.6pm,**/*.8xk,**/*.8xk.txt,**/*.8xp,**/*.8xp.txt,**/*.E,**/*.ML,**/*._coffee,**/*._js,**/*._ls,**/*.abap,**/*.ada,**/*.adb,**/*.ado,**/*.adp,**/*.ads,**/*.agda,**/*.ahk,**/*.ahkl,**/*.aidl,**/*.aj,**/*.al,**/*.als,**/*.ampl,**/*.apl,**/*.app.src,**/*.applescript,**/*.arc,**/*.as,**/*.asax,**/*.asc,**/*.ascx,**/*.asd,**/*.ash,**/*.ashx,**/*.asmx,**/*.asp,**/*.aspx,**/*.au3,**/*.aug,**/*.auk,**/*.aw,**/*.awk,**/*.axd,**/*.axi,**/*.axi.erb,**/*.axs,**/*.axs.erb,**/*.b,**/*.bas,**/*.bash,**/*.bat,**/*.bats,**/*.bb,**/*.befunge,**/*.bf,**/*.bison,**/*.bmx,**/*.bones,**/*.boo,**/*.boot,**/*.brd,**/*.bro,**/*.brs,**/*.bsl,**/*.bsv,**/*.builder,**/*.bzl,**/*.c,**/*.c++,**/*.cake,**/*.capnp,**/*.cats,**/*.cbl,**/*.cc,**/*.ccp,**/*.cdf,**/*.ceylon,**/*.cfc,**/*.cfm,**/*.cfml,**/*.cgi,**/*.ch,**/*.chpl,**/*.chs,**/*.cirru,**/*.cjsx,**/*.ck,**/*.cl,**/*.cl2,**/*.click,**/*.clj,**/*.cljc,**/*.cljs,**/*.cljs.hl,**/*.cljscm,**/*.cljx,**/*.clp,**/*.cls,**/*.clw,**/*.cmd,**/*.cob,**/*.cobol,**/*.coffee,**/*.com,**/*.command,**/*.coq,**/*.cp,**/*.cpp,**/*.cps,**/*.cpy,**/*.cr,**/*.cs,**/*.csd,**/*.cshtml,**/*.csx,**/*.ctp,**/*.cu,**/*.cuh,**/*.cw,**/*.cxx,**/*.cy,**/*.d,**/*.dart,**/*.dats,**/*.db2,**/*.dcl,**/*.decls,**/*.dfm,**/*.di,**/*.djs,**/*.dlm,**/*.dm,**/*.do,**/*.doh,**/*.dpr,**/*.druby,**/*.duby,**/*.dyalog,**/*.dyl,**/*.dylan,**/*.e,**/*.ec,**/*.ecl,**/*.eclxml,**/*.eh,**/*.el,**/*.eliom,**/*.eliomi,**/*.elm,**/*.em,**/*.emacs,**/*.emacs.desktop,**/*.emberscript,**/*.eq,**/*.erl,**/*.es,**/*.es6,**/*.escript,**/*.ex,**/*.exs,**/*.eye,**/*.f,**/*.f03,**/*.f08,**/*.f77,**/*.f90,**/*.f95,**/*.factor,**/*.fan,**/*.fancypack,**/*.fcgi,**/*.feature,**/*.flex,**/*.flux,**/*.for,**/*.forth,**/*.fp,**/*.fpp,**/*.fr,**/*.frag,**/*.frg,**/*.frm,**/*.frt,**/*.frx,**/*.fs,**/*.fsh,**/*.fshader,**/*.fsi,**/*.fsx,**/*.fth,**/*.ftl,**/*.fun,**/*.fx,**/*.fxh,**/*.fy,**/*.g,**/*.g4,**/*.gap,**/*.gawk,**/*.gd,**/*.gdb,**/*.gdbinit,**/*.gemspec,**/*.geo,**/*.geom,**/*.gf,**/*.gi,**/*.glf,**/*.glsl,**/*.glslv,**/*.gml,**/*.gms,**/*.gnu,**/*.gnuplot,**/*.go,**/*.god,**/*.golo,**/*.gp,**/*.grace,**/*.groovy,**/*.grt,**/*.gs,**/*.gshader,**/*.gsp,**/*.gst,**/*.gsx,**/*.gtpl,**/*.gvy,**/*.gyp,**/*.gypi,**/*.h,**/*.h++,**/*.hats,**/*.hb,**/*.hcl,**/*.hh,**/*.hic,**/*.hlean,**/*.hlsl,**/*.hlsli,**/*.hpp,**/*.hqf,**/*.hrl,**/*.hs,**/*.hsc,**/*.hx,**/*.hxsl,**/*.hxx,**/*.hy,**/*.i7x,**/*.iced,**/*.icl,**/*.idc,**/*.idr,**/*.ihlp,**/*.ijs,**/*.ik,**/*.ily,**/*.inc,**/*.inl,**/*.ino,**/*.intr,**/*.io,**/*.ipf,**/*.ipp,**/*.irbrc,**/*.iss,**/*.j,**/*.jake,**/*.java,**/*.jbuilder,**/*.jflex,**/*.ji,**/*.jison,**/*.jisonlex,**/*.jl,**/*.jq,**/*.js,**/*.jsb,**/*.jscad,**/*.jsfl,**/*.jsm,**/*.jsp,**/*.jss,**/*.jsx,**/*.kicad_pcb,**/*.kid,**/*.krl,**/*.ksh,**/*.kt,**/*.ktm,**/*.kts,**/*.l,**/*.lagda,**/*.las,**/*.lasso,**/*.lasso8,**/*.lasso9,**/*.ldml,**/*.lean,**/*.lex,**/*.lfe,**/*.lgt,**/*.lhs,**/*.lid,**/*.lidr,**/*.lisp,**/*.litcoffee,**/*.ll,**/*.lmi,**/*.logtalk,**/*.lol,**/*.lookml,**/*.lpr,**/*.ls,**/*.lsl,**/*.lslp,**/*.lsp,**/*.lua,**/*.lvproj,**/*.ly,**/*.m,**/*.m4,**/*.ma,**/*.mak,**/*.make,**/*.mako,**/*.mao,**/*.mata,**/*.matah,**/*.mathematica,**/*.matlab,**/*.mawk,**/*.maxhelp,**/*.maxpat,**/*.maxproj,**/*.mcr,**/*.metal,**/*.minid,**/*.mir,**/*.mirah,**/*.mk,**/*.mkfile,**/*.ml,**/*.ml4,**/*.mli,**/*.mll,**/*.mly,**/*.mm,**/*.mmk,**/*.mms,**/*.mo,**/*.mod,**/*.model.lkml,**/*.monkey,**/*.moo,**/*.moon,**/*.mq4,**/*.mq5,**/*.mqh,**/*.ms,**/*.mspec,**/*.mss,**/*.mt,**/*.mu,**/*.muf,**/*.mumps,**/*.mxt,**/*.myt,**/*.n,**/*.nawk,**/*.nb,**/*.nbp,**/*.nc,**/*.ncl,**/*.ni,**/*.nim,**/*.nimrod,**/*.nit,**/*.nix,**/*.njs,**/*.nl,**/*.nlogo,**/*.nqp,**/*.nse,**/*.nsh,**/*.nsi,**/*.nu,**/*.numpy,**/*.numpyw,**/*.numsc,**/*.nut,**/*.ny,**/*.omgrofl,**/*.ooc,**/*.opa,**/*.opal,**/*.opencl,**/*.orc,**/*.os,**/*.ox,**/*.oxh,**/*.oxo,**/*.oxygene,**/*.oz,**/*.p,**/*.p4,**/*.p6,**/*.p6l,**/*.p6m,**/*.pac,**/*.pan,**/*.parrot,**/*.pas,**/*.pascal,**/*.pasm,**/*.pat,**/*.pb,**/*.pbi,**/*.pbt,**/*.pck,**/*.pd,**/*.pd_lua,**/*.pde,**/*.perl,**/*.ph,**/*.php,**/*.php3,**/*.php4,**/*.php5,**/*.phps,**/*.phpt,**/*.pig,**/*.pike,**/*.pir,**/*.pkb,**/*.pks,**/*.pl,**/*.pl6,**/*.plb,**/*.plot,**/*.pls,**/*.plsql,**/*.plt,**/*.pluginspec,**/*.plx,**/*.pm,**/*.pm6,**/*.pmod,**/*.pod,**/*.podsl,**/*.podspec,**/*.pogo,**/*.pony,**/*.pov,**/*.pp,**/*.pprx,**/*.prg,**/*.pri,**/*.pro,**/*.prolog,**/*.prw,**/*.ps1,**/*.psc,**/*.psd1,**/*.psgi,**/*.psm1,**/*.purs,**/*.pwn,**/*.pxd,**/*.pxi,**/*.py,**/*.py3,**/*.pyde,**/*.pyp,**/*.pyt,**/*.pyw,**/*.pyx,**/*.qbs,**/*.qml,**/*.r,**/*.r2,**/*.r3,**/*.rabl,**/*.rake,**/*.rb,**/*.rbbas,**/*.rbfrm,**/*.rbmnu,**/*.rbres,**/*.rbtbar,**/*.rbuild,**/*.rbuistate,**/*.rbw,**/*.rbx,**/*.rbxs,**/*.rd,**/*.re,**/*.reb,**/*.rebol,**/*.red,**/*.reds,**/*.rei,**/*.rex,**/*.rexx,**/*.rg,**/*.rkt,**/*.rktd,**/*.rktl,**/*.rl,**/*.rpy,**/*.rs,**/*.rs.in,**/*.rsc,**/*.rsh,**/*.rsx,**/*.ru,**/*.ruby,**/*.sage,**/*.sagews,**/*.sas,**/*.sats,**/*.sbt,**/*.sc,**/*.scad,**/*.scala,**/*.scd,**/*.sce,**/*.sch,**/*.sci,**/*.scm,**/*.sco,**/*.scpt,**/*.scrbl,**/*.self,**/*.sexp,**/*.sh,**/*.sh-session,**/*.sh.in,**/*.shader,**/*.shen,**/*.sig,**/*.sj,**/*.sjs,**/*.sl,**/*.sld,**/*.sls,**/*.sma,**/*.smali,**/*.sml,**/*.smt,**/*.smt2,**/*.sp,**/*.spec,**/*.spin,**/*.sps,**/*.sqf,**/*.sql,**/*.sra,**/*.sru,**/*.srw,**/*.ss,**/*.ssjs,**/*.st,**/*.stan,**/*.sthlp,**/*.sv,**/*.svh,**/*.swift,**/*.t,**/*.tac,**/*.tcc,**/*.tcl,**/*.tf,**/*.thor,**/*.thrift,**/*.thy,**/*.tla,**/*.tm,**/*.tmux,**/*.tool,**/*.tpl,**/*.tpp,**/*.ts,**/*.tst,**/*.tsx,**/*.tu,**/*.txl,**/*.uc,**/*.udo,**/*.uno,**/*.upc,**/*.ur,**/*.urs,**/*.v,**/*.vala,**/*.vapi,**/*.vark,**/*.vb,**/*.vba,**/*.vbhtml,**/*.vbs,**/*.vcl,**/*.veo,**/*.vert,**/*.vh,**/*.vhd,**/*.vhdl,**/*.vhf,**/*.vhi,**/*.vho,**/*.vhs,**/*.vht,**/*.vhw,**/*.view.lkml,**/*.vim,**/*.volt,**/*.vrx,**/*.vsh,**/*.vshader,**/*.w,**/*.watchr,**/*.webidl,**/*.wisp,**/*.wl,**/*.wlt,**/*.wlua,**/*.wsgi,**/*.x,**/*.x10,**/*.xc,**/*.xi,**/*.xm,**/*.xojo_code,**/*.xojo_menu,**/*.xojo_report,**/*.xojo_script,**/*.xojo_toolbar,**/*.xojo_window,**/*.xpl,**/*.xproc,**/*.xpy,**/*.xq,**/*.xql,**/*.xqm,**/*.xquery,**/*.xqy,**/*.xrl,**/*.xs,**/*.xsjs,**/*.xsjslib,**/*.xsl,**/*.xslt,**/*.xsp-config,**/*.xsp.metadata,**/*.xtend,**/*.y,**/*.yacc,**/*.yap,**/*.yrl,**/*.yy,**/*.zep,**/*.zimpl,**/*.zmpl,**/*.zpl,**/*.zsh
2026-02-19T18:50:58.0907342Z configFilePath=DEFAULT
2026-02-19T18:50:58.0907872Z apiKey=******
2026-02-19T18:50:58.0908375Z #whiteSourceFolderPath=.
2026-02-19T18:50:58.0908895Z #updateType=OVERRIDE
2026-02-19T18:50:58.0909471Z #updateInventory=true
2026-02-19T18:50:58.0910022Z #updateEmptyProject=true
2026-02-19T18:50:58.0910544Z #splitUpdateRequest=false
2026-02-19T18:50:58.0911052Z #showProgressBar=true
2026-02-19T18:50:58.0911583Z #scanReportTimeoutMinutes=10
2026-02-19T18:50:58.0912134Z #scanReportFilenameFormat=project_with_timestamp
2026-02-19T18:50:58.0912797Z #scanPackageManager=false
2026-02-19T18:50:58.0913332Z #scanComment=
2026-02-19T18:50:58.0913813Z #resolveAllDependencies=true
2026-02-19T18:50:58.0914322Z #requireKnownSha1=true
2026-02-19T18:50:58.0914887Z #requesterEmail=
2026-02-19T18:50:58.0915477Z #projectVersion=
2026-02-19T18:50:58.0916027Z #projectToken=
2026-02-19T18:50:58.0916593Z #projectPerFolderIncludes=*
2026-02-19T18:50:58.0917177Z #projectPerFolderExcludes=
2026-02-19T18:50:58.0917761Z #projectPerFolder=false
2026-02-19T18:50:58.0918341Z #projectName=
2026-02-19T18:50:58.0918831Z #productVersion=
2026-02-19T18:50:58.0919386Z #productToken=
2026-02-19T18:50:58.0919827Z #productName=
2026-02-19T18:50:58.0920361Z #offline.zip=false
2026-02-19T18:50:58.0920899Z #offline.prettyJson=true
2026-02-19T18:50:58.0921475Z #offline=false
2026-02-19T18:50:58.0922026Z #log.level=info
2026-02-19T18:50:58.0922622Z #ignoreEuaNotices=informational
2026-02-19T18:50:58.0923739Z #iaLanguage=
2026-02-19T18:50:58.0924360Z #generateScanReport=false
2026-02-19T18:50:58.0924941Z #generateProjectDetailsJson=false
2026-02-19T18:50:58.0925503Z #forceUpdate.failBuildOnPolicyViolation=false
2026-02-19T18:50:58.0926085Z #forceUpdate=false
2026-02-19T18:50:58.0926652Z #forceCheckAllDependencies=false
2026-02-19T18:50:58.0927216Z #fileSystemScan=true
2026-02-19T18:50:58.0927799Z #failErrorLevel=DEFAULT
2026-02-19T18:50:58.0928399Z #excludes=**/.*,**/node_modules,**/src/test,**/testdata,**/*sources.jar,**/*javadoc.jar
2026-02-19T18:50:58.0928977Z #excludeDependenciesFromNodes=
2026-02-19T18:50:58.0929483Z #euaVul=euaVul.json
2026-02-19T18:50:58.0929924Z #euaRes=euaRes.json
2026-02-19T18:50:58.0930352Z #euaOffline=
2026-02-19T18:50:58.0930797Z #euaDep=euaDep.json
2026-02-19T18:50:58.0931291Z #enableImpactAnalysis=false
2026-02-19T18:50:58.0932864Z #commandTimeout=900
2026-02-19T18:50:58.0933756Z #checkPolicies=false
2026-02-19T18:50:58.0934754Z #appPath=
2026-02-19T18:50:58.0940679Z #analyzeMultiModule=
2026-02-19T18:50:58.0941834Z #analyzeFrameworksReference=analyzeFrameworks.txt
2026-02-19T18:50:58.0944163Z #analyzeFrameworks=false
2026-02-19T18:50:58.0945578Z 
2026-02-19T18:50:58.0946733Z ##### ANT #####
2026-02-19T18:50:58.0947685Z #ant.resolveDependencies=true
2026-02-19T18:50:58.0948725Z #ant.pathIdIncludes=
2026-02-19T18:50:58.0949692Z #ant.external.parameters=
2026-02-19T18:50:58.0950175Z 
2026-02-19T18:50:58.0950936Z ##### archive #####
2026-02-19T18:50:58.0951945Z #archiveIncludes=
2026-02-19T18:50:58.0952899Z #archiveExtractionDepth=0
2026-02-19T18:50:58.0953852Z #archiveExcludes=
2026-02-19T18:50:58.0954390Z 
2026-02-19T18:50:58.0955453Z ##### artifactory #####
2026-02-19T18:50:58.0956306Z #artifactory.userPassword=
2026-02-19T18:50:58.1005081Z #artifactory.userName=
2026-02-19T18:50:58.1006254Z #artifactory.url=
2026-02-19T18:50:58.1007177Z #artifactory.repoKeys=
2026-02-19T18:50:58.1008296Z #artifactory.includes=.*.*
2026-02-19T18:50:58.1009454Z #artifactory.excludes=
2026-02-19T18:50:58.1016548Z #artifactory.enableScan=false
2026-02-19T18:50:58.1017576Z #artifactory.accessToken=
2026-02-19T18:50:58.1018875Z 
2026-02-19T18:50:58.1019992Z ##### bazel #####
2026-02-19T18:50:58.1022138Z #bazel.runPreStep=false
2026-02-19T18:50:58.1023229Z #bazel.resolveDependencies=true
2026-02-19T18:50:58.1024511Z 
2026-02-19T18:50:58.1025538Z ##### bower #####
2026-02-19T18:50:58.1028657Z #bower.runPreStep=false
2026-02-19T18:50:58.1029737Z #bower.resolveDependencies=true
2026-02-19T18:50:58.1031284Z #bower.ignoreSourceFiles=false
2026-02-19T18:50:58.1031870Z 
2026-02-19T18:50:58.1032644Z ##### cabal #####
2026-02-19T18:50:58.1033486Z #haskell.runPreStep=false
2026-02-19T18:50:58.1034464Z #haskell.resolveDependencies=true
2026-02-19T18:50:58.1035384Z #haskell.ignoreSourceFiles=true
2026-02-19T18:50:58.1036395Z #haskell.ignorePreStepErrors=false
2026-02-19T18:50:58.1036935Z 
2026-02-19T18:50:58.1037699Z ##### cargo #####
2026-02-19T18:50:58.1038385Z #cargo.runPreStep=false
2026-02-19T18:50:58.1039434Z #cargo.resolveDependencies=true
2026-02-19T18:50:58.1040388Z #cargo.ignoreSourceFiles=true
2026-02-19T18:50:58.1040869Z 
2026-02-19T18:50:58.1041466Z ##### cocoapods #####
2026-02-19T18:50:58.1042379Z #cocoapods.runPreStep=false
2026-02-19T18:50:58.1043133Z #cocoapods.resolveDependencies=true
2026-02-19T18:50:58.1043785Z #cocoapods.ignoreSourceFiles=true
2026-02-19T18:50:58.1044027Z 
2026-02-19T18:50:58.1044460Z ##### conda #####
2026-02-19T18:50:58.1044944Z #conda.resolveDependencies=true
2026-02-19T18:50:58.1045076Z 
2026-02-19T18:50:58.1045414Z ##### docker #####
2026-02-19T18:50:58.1045739Z #docker.scanTarFiles=false
2026-02-19T18:50:58.1046101Z #docker.scanImages=false
2026-02-19T18:50:58.1046425Z #docker.scanContainers=false
2026-02-19T18:50:58.1046714Z #docker.pull.tags=
2026-02-19T18:50:58.1047081Z #docker.pull.maxImages=10
2026-02-19T18:50:58.1047418Z #docker.pull.images=
2026-02-19T18:50:58.1047752Z #docker.pull.force=false
2026-02-19T18:50:58.1048114Z #docker.pull.enable=false
2026-02-19T18:50:58.1048451Z #docker.pull.digest=
2026-02-19T18:50:58.1048790Z #docker.projectNameFormat=default
2026-02-19T18:50:58.1049154Z #docker.login.sudo=true
2026-02-19T18:50:58.1049479Z #docker.layers=false
2026-02-19T18:50:58.1049831Z #docker.includes=.*.*
2026-02-19T18:50:58.1050160Z #docker.includeSingleScan=
2026-02-19T18:50:58.1050485Z #docker.excludes=
2026-02-19T18:50:58.1050843Z #docker.delete.force=false
2026-02-19T18:50:58.1051174Z #docker.containerIncludes=.*.*
2026-02-19T18:50:58.1051513Z #docker.containerExcludes=
2026-02-19T18:50:58.1051659Z 
2026-02-19T18:50:58.1051973Z ##### docker artifactory #####
2026-02-19T18:50:58.1052333Z #docker.artifactory.userPassword=
2026-02-19T18:50:58.1052672Z #docker.artifactory.userName=
2026-02-19T18:50:58.1053045Z #docker.artifactory.url=
2026-02-19T18:50:58.1053388Z #docker.artifactory.repositoriesNames=
2026-02-19T18:50:58.1053731Z #docker.artifactory.pullUrl=
2026-02-19T18:50:58.1054097Z #docker.artifactory.enable=false
2026-02-19T18:50:58.1054459Z #docker.artifactory.dockerAccessMethod= 
2026-02-19T18:50:58.1054623Z 
2026-02-19T18:50:58.1054934Z ##### docker aws #####
2026-02-19T18:50:58.1055283Z #docker.aws.registryIds=
2026-02-19T18:50:58.1055611Z #docker.aws.enable=false
2026-02-19T18:50:58.1055757Z 
2026-02-19T18:50:58.1056063Z ##### docker azure #####
2026-02-19T18:50:58.1056417Z #docker.azure.userPassword=
2026-02-19T18:50:58.1056742Z #docker.azure.userName=
2026-02-19T18:50:58.1057069Z #docker.azure.registryNames=
2026-02-19T18:50:58.1057446Z #docker.azure.registryAuthenticationParameters=
2026-02-19T18:50:58.1057793Z #docker.azure.enable=false
2026-02-19T18:50:58.1058135Z #docker.azure.authenticationType=UserAccount
2026-02-19T18:50:58.1058298Z 
2026-02-19T18:50:58.1058646Z ##### docker google containers #####
2026-02-19T18:50:58.1059671Z #docker.gcr.repositories=
2026-02-19T18:50:58.1060010Z #docker.gcr.enable=false
2026-02-19T18:50:58.1060738Z #docker.gcr.account=
2026-02-19T18:50:58.1060891Z 
2026-02-19T18:50:58.1061216Z ##### docker hub #####
2026-02-19T18:50:58.1061574Z #docker.hub.userPassword=
2026-02-19T18:50:58.1061928Z #docker.hub.userName=
2026-02-19T18:50:58.1062720Z #docker.hub.organizationsNames=
2026-02-19T18:50:58.1063089Z #docker.hub.enabled=false
2026-02-19T18:50:58.1063452Z #docker.hub.accessToken=
2026-02-19T18:50:58.1063604Z 
2026-02-19T18:50:58.1063915Z ##### environment #####
2026-02-19T18:50:58.1064235Z #followSymbolicLinks=true
2026-02-19T18:50:58.1064939Z #case.sensitive.glob=false
2026-02-19T18:50:58.1065221Z 
2026-02-19T18:50:58.1065589Z ##### go #####
2026-02-19T18:50:58.1065894Z #go.resolveDependencies=true
2026-02-19T18:50:58.1066253Z #go.modules.resolveDependencies=true
2026-02-19T18:50:58.1067059Z #go.modules.removeDuplicateDependencies=true
2026-02-19T18:50:58.1067830Z #go.modules.includeTestDependencies=false
2026-02-19T18:50:58.1073048Z #go.modules.ignoreSourceFiles=true
2026-02-19T18:50:58.1073791Z #go.ignoreSourceFiles=false
2026-02-19T18:50:58.1075325Z #go.gogradle.enableTaskAlias=false
2026-02-19T18:50:58.1076277Z #go.glide.ignoreTestPackages=true
2026-02-19T18:50:58.1076990Z #go.dependencyManager=
2026-02-19T18:50:58.1078656Z #go.collectDependenciesAtRuntime=false
2026-02-19T18:50:58.1078966Z 
2026-02-19T18:50:58.1079595Z ##### gradle #####
2026-02-19T18:50:58.1087165Z #gradle.resolveDependencies=true
2026-02-19T18:50:58.1087911Z #gradle.preferredEnvironment=wrapper
2026-02-19T18:50:58.1088665Z #gradle.innerModulesAsDependencies=true
2026-02-19T18:50:58.1089357Z #gradle.includedConfigurations=
2026-02-19T18:50:58.1090004Z #gradle.includeModules=
2026-02-19T18:50:58.1090647Z #gradle.ignoredConfigurations=^.*test.*$
2026-02-19T18:50:58.1091248Z #gradle.ignoreSourceFiles=false
2026-02-19T18:50:58.1091855Z #gradle.excludeModules=
2026-02-19T18:50:58.1092515Z #gradle.aggregateModules=false
2026-02-19T18:50:58.1093148Z #gradle.additionalArguments=
2026-02-19T18:50:58.1093444Z 
2026-02-19T18:50:58.1094060Z ##### hex #####
2026-02-19T18:50:58.1094613Z #hex.runPreStep=false
2026-02-19T18:50:58.1095177Z #hex.resolveDependencies=true
2026-02-19T18:50:58.1095787Z #hex.ignoreSourceFiles=true
2026-02-19T18:50:58.1096357Z #hex.aggregateModules=false
2026-02-19T18:50:58.1096618Z 
2026-02-19T18:50:58.1097140Z ##### html #####
2026-02-19T18:50:58.1097732Z #html.resolveDependencies=true
2026-02-19T18:50:58.1097987Z 
2026-02-19T18:50:58.1098523Z ##### maven #####
2026-02-19T18:50:58.1099086Z #maven.runPreStep=false
2026-02-19T18:50:58.1099667Z #maven.resolveDependencies=true
2026-02-19T18:50:58.1100302Z #maven.projectNameFromDependencyFile=false
2026-02-19T18:50:58.1100893Z #maven.maxCacheFolderSize=
2026-02-19T18:50:58.1101553Z #maven.m2RepositoryPath=
2026-02-19T18:50:58.1102160Z #maven.ignoredScopes=provided,test
2026-02-19T18:50:58.1103319Z #maven.ignoreSourceFiles=false
2026-02-19T18:50:58.1103957Z #maven.ignorePomModules=true
2026-02-19T18:50:58.1104541Z #maven.ignoreMvnTreeErrors=false
2026-02-19T18:50:58.1105126Z #maven.environmentPath=
2026-02-19T18:50:58.1105696Z #maven.downloadMissingDependencies=true
2026-02-19T18:50:58.1106241Z #maven.allowPartialTree=false
2026-02-19T18:50:58.1106840Z #maven.aggregateModules=false
2026-02-19T18:50:58.1107549Z #maven.additionalArguments=
2026-02-19T18:50:58.1107844Z 
2026-02-19T18:50:58.1108461Z ##### npm #####
2026-02-19T18:50:58.1109101Z #npm.yarnProject=false
2026-02-19T18:50:58.1109780Z #npm.yarn.frozenLockfile=false
2026-02-19T18:50:58.1110367Z #npm.runPreStep=false
2026-02-19T18:50:58.1110986Z #npm.resolveMainPackageJsonOnly=false
2026-02-19T18:50:58.1123954Z #npm.resolveLockFile=true
2026-02-19T18:50:58.1124732Z #npm.resolveGlobalPackages=false
2026-02-19T18:50:58.1125462Z #npm.resolveDependencies=true
2026-02-19T18:50:58.1127003Z #npm.resolveAdditionalDependencies=false
2026-02-19T18:50:58.1127824Z #npm.removeDuplicateDependencies=true
2026-02-19T18:50:58.1128574Z #npm.projectNameFromDependencyFile=false
2026-02-19T18:50:58.1130109Z #npm.includeDevDependencies=false
2026-02-19T18:50:58.1137546Z #npm.ignoreSourceFiles=true
2026-02-19T18:50:58.1138366Z #npm.ignoreScripts=true
2026-02-19T18:50:58.1139061Z #npm.ignoreNpmLsErrors=false
2026-02-19T18:50:58.1141090Z #npm.ignoreDirectoryPatterns=example,examples,.ws_bower,test
2026-02-19T18:50:58.1141946Z #npm.identifyByNameAndVersion=false
2026-02-19T18:50:58.1143503Z #npm.failOnNpmLsErrors=
2026-02-19T18:50:58.1144198Z #npm.accessToken=
2026-02-19T18:50:58.1144427Z 
2026-02-19T18:50:58.1145853Z ##### nuget #####
2026-02-19T18:50:58.1146476Z #nuget.runPreStep=false
2026-02-19T18:50:58.1147272Z #nuget.resolvePackagesConfigFiles=true
2026-02-19T18:50:58.1148009Z #nuget.resolveNuspecFiles=true
2026-02-19T18:50:58.1148703Z #nuget.resolveDependencies=true
2026-02-19T18:50:58.1149481Z #nuget.resolveCsProjFiles=true
2026-02-19T18:50:58.1150168Z #nuget.resolveAssetsFiles=true
2026-02-19T18:50:58.1150966Z #nuget.preferredEnvironment=
2026-02-19T18:50:58.1151755Z #nuget.packagesDirectory=
2026-02-19T18:50:58.1152506Z #nuget.ignoreSourceFiles=true
2026-02-19T18:50:58.1152804Z 
2026-02-19T18:50:58.1153359Z ##### ocaml #####
2026-02-19T18:50:58.1154063Z #ocaml.switchName=
2026-02-19T18:50:58.1154722Z #ocaml.runPreStep=false
2026-02-19T18:50:58.1155356Z #ocaml.resolveDependencies=true
2026-02-19T18:50:58.1156105Z #ocaml.ignoredScopes=with-test,with-doc
2026-02-19T18:50:58.1156730Z #ocaml.ignoreSourceFiles=false
2026-02-19T18:50:58.1157352Z #ocaml.aggregateModules=false
2026-02-19T18:50:58.1157601Z 
2026-02-19T18:50:58.1158128Z ##### paket #####
2026-02-19T18:50:58.1158651Z #paket.runPreStep=false
2026-02-19T18:50:58.1159114Z #paket.resolveDependencies=true
2026-02-19T18:50:58.1159586Z #paket.ignoredGroups=
2026-02-19T18:50:58.1160030Z #paket.ignoreSourceFiles=true
2026-02-19T18:50:58.1160467Z #paket.exePath=
2026-02-19T18:50:58.1160660Z 
2026-02-19T18:50:58.1161589Z ##### php #####
2026-02-19T18:50:58.1162019Z #php.runPreStep=false
2026-02-19T18:50:58.1162453Z #php.resolveDependencies=true
2026-02-19T18:50:58.1162955Z #php.removeDuplicateDependencies=true
2026-02-19T18:50:58.1163486Z #php.includeDevDependencies=false
2026-02-19T18:50:58.1164012Z #php.ignoreSourceFiles=true
2026-02-19T18:50:58.1164255Z 
2026-02-19T18:50:58.1164709Z ##### python #####
2026-02-19T18:50:58.1165152Z #python.runPoetryPreStep=false
2026-02-19T18:50:58.1165615Z #python.runPipenvPreStep=false
2026-02-19T18:50:58.1166108Z #python.resolveSetupFiles=false
2026-02-19T18:50:58.1166628Z #python.resolvePoetryEditablePackages=false
2026-02-19T18:50:58.1167163Z #python.resolvePipEditablePackages=false
2026-02-19T18:50:58.1167685Z #python.resolveHierarchyTree=true
2026-02-19T18:50:58.1168191Z #python.resolveGlobalPackages=false
2026-02-19T18:50:58.1168747Z #python.resolveDependencies=true
2026-02-19T18:50:58.1169273Z #python.requirementsFileIncludes=
2026-02-19T18:50:58.1169769Z #python.pipenvDevDependencies=false
2026-02-19T18:50:58.1170250Z #python.pipPath=pip
2026-02-19T18:50:58.1170728Z #python.path=python
2026-02-19T18:50:58.1171284Z #python.localPackagePathsToInstall=
2026-02-19T18:50:58.1171803Z #python.installVirtualenv=false
2026-02-19T18:50:58.1172281Z #python.indexUrl=
2026-02-19T18:50:58.1172771Z #python.includePoetryDevDependencies=false
2026-02-19T18:50:58.1173280Z #python.ignoreSourceFiles=true
2026-02-19T18:50:58.1173787Z #python.ignorePipInstallErrors=false
2026-02-19T18:50:58.1174390Z #python.IgnorePipenvInstallErrors=false
2026-02-19T18:50:58.1174663Z 
2026-02-19T18:50:58.1175246Z ##### r_language #####
2026-02-19T18:50:58.1175747Z #r.runPreStep=false
2026-02-19T18:50:58.1176236Z #r.resolveDependencies=true
2026-02-19T18:50:58.1176804Z #r.packageManager=packrat
2026-02-19T18:50:58.1177352Z #r.ignoreSourceFiles=true
2026-02-19T18:50:58.1177880Z #r.cranMirrorUrl=
2026-02-19T18:50:58.1178085Z 
2026-02-19T18:50:58.1178513Z ##### ruby #####
2026-02-19T18:50:58.1178952Z #ruby.runBundleInstall=false
2026-02-19T18:50:58.1179444Z #ruby.resolveDependencies=true
2026-02-19T18:50:58.1180172Z #ruby.overwriteGemFile=false
2026-02-19T18:50:58.1180674Z #ruby.installMissingGems=false
2026-02-19T18:50:58.1181664Z #ruby.ignoreSourceFiles=true
2026-02-19T18:50:58.1181909Z 
2026-02-19T18:50:58.1182427Z ##### sbt #####
2026-02-19T18:50:58.1182896Z #sbt.runPreStep=false
2026-02-19T18:50:58.1183375Z #sbt.resolveDependencies=true
2026-02-19T18:50:58.1183884Z #sbt.newSbtResolution=false
2026-02-19T18:50:58.1184449Z #sbt.includedScopes=compile,runtime
2026-02-19T18:50:58.1185013Z #sbt.ignoreSourceFiles=false
2026-02-19T18:50:58.1185601Z #sbt.aggregateModules=false
2026-02-19T18:50:58.1185850Z 
2026-02-19T18:50:58.1186307Z ##### scm #####
2026-02-19T18:50:58.1186780Z #scm.user=
2026-02-19T18:50:58.1187188Z #scm.url=
2026-02-19T18:50:58.1187454Z #scm.tag=
2026-02-19T18:50:58.1187732Z #scm.repositoriesFile=
2026-02-19T18:50:58.1188003Z #scm.ppk=
2026-02-19T18:50:58.1188263Z #scm.pass=
2026-02-19T18:50:58.1188540Z #scm.branch=
2026-02-19T18:50:58.1188663Z 
2026-02-19T18:50:58.1188935Z ##### serverless #####
2026-02-19T18:50:58.1189292Z #serverless.scanFunctions=false
2026-02-19T18:50:58.1189621Z #serverless.region=
2026-02-19T18:50:58.1189918Z #serverless.provider=aws-lambda
2026-02-19T18:50:58.1190206Z #serverless.maxFunctions=10
2026-02-19T18:50:58.1190493Z #serverless.includes=
2026-02-19T18:50:58.1190773Z #serverless.excludes=
2026-02-19T18:50:58.1190900Z 
2026-02-19T18:50:58.1191164Z ##### swift #####
2026-02-19T18:50:58.1191441Z #swift.resolveDependencies=true
2026-02-19T18:50:58.1191737Z #swift.ignoreSourceFiles=false
2026-02-19T18:50:58.1191867Z 
2026-02-19T18:50:58.4022047Z [INFO] [2026-02-19 18:50:58,399 +0000] - Initializing WhiteSource Client
2026-02-19T18:50:58.4359145Z [INFO] [2026-02-19 18:50:58,435 +0000] - Service URL is https://app.whitesourcesoftware.com/agent
2026-02-19T18:50:58.6017107Z [INFO] [2026-02-19 18:50:58,600 +0000] - UpdateType set to OVERRIDE 
2026-02-19T18:50:58.6019966Z [INFO] [2026-02-19 18:50:58,600 +0000] - Fetching organization flags
2026-02-19T18:51:00.2398975Z ##[debug]Agent environment resources - Disk: D:\ Available 74600.01 MB out of 76798.00 MB, Memory: Used 2903.00 MB out of 8186.00 MB, CPU: Usage 38.00%
2026-02-19T18:51:00.3200336Z [INFO] [2026-02-19 18:51:00,314 +0000] - Sending Update
2026-02-19T18:51:00.3202098Z [INFO] [2026-02-19 18:51:00,314 +0000] - 
2026-02-19T18:51:00.3202931Z ------------------------------------------------------------------------
2026-02-19T18:51:00.3274330Z -------------------- Start: Update Inventory ---------------------------
2026-02-19T18:51:00.3281063Z ------------------------------------------------------------------------
2026-02-19T18:51:03.7371547Z [INFO] [2026-02-19 18:51:03,723 +0000] - 
2026-02-19T18:51:03.7377228Z ------------------------------------------------------------------------
2026-02-19T18:51:03.7378665Z -------------------- End: Update Inventory -----------------------------
2026-02-19T18:51:03.7439999Z ------------------------------------------------------------------------
2026-02-19T18:51:03.7445753Z [INFO] [2026-02-19 18:51:03,723 +0000] - Inventory update results for Bentley Systems Products
2026-02-19T18:51:03.7446789Z [INFO] [2026-02-19 18:51:03,725 +0000] - No new projects found.
2026-02-19T18:51:03.7448470Z [INFO] [2026-02-19 18:51:03,725 +0000] - Updated projects:
2026-02-19T18:51:03.7449437Z [INFO] [2026-02-19 18:51:03,725 +0000] - # DEV - image - 2026.02.11.3 - ADO4788198 - Docker
2026-02-19T18:51:03.7451305Z [INFO] [2026-02-19 18:51:03,725 +0000] - Project name: DEV - image - 2026.02.11.3 - ADO4788198 - Docker, URL: https://app.whitesourcesoftware.com/Wss/WSS.html#!project;id=10858192
2026-02-19T18:51:03.7453078Z [INFO] [2026-02-19 18:51:03,727 +0000] - Support Token: 30fba7f4528bd4dc1b6b0de62dcd1e0701771527060686
2026-02-19T18:51:03.7458771Z [INFO] [2026-02-19 18:51:03,739 +0000] - Log files are found at: .\whitesource\Thu-Feb-19-2026-18.50.57
2026-02-19T18:51:04.1971003Z [INFO] [2026-02-19 18:51:04,195 +0000] - Service URL is https://app.whitesourcesoftware.com/agent
2026-02-19T18:51:04.4189940Z [INFO] [2026-02-19 18:51:04,418 +0000] - 
2026-02-19T18:51:04.4191099Z ------------------------------------------------------------------------------------------------------------------------------------------------------
2026-02-19T18:51:04.4248790Z ------------------------------------------------------------- WhiteSource Scan Summary: --------------------------------------------------------------
2026-02-19T18:51:04.4249903Z ------------------------------------------------------------------------------------------------------------------------------------------------------
2026-02-19T18:51:04.4250885Z ======================================================================================================================================================
2026-02-19T18:51:04.4251740Z Scan Origin: Offline
2026-02-19T18:51:04.4252553Z ======================================================================================================================================================
2026-02-19T18:51:04.4253554Z Step                                              Completion Status               Elapsed                  Comments
2026-02-19T18:51:04.4254450Z ======================================================================================================================================================
2026-02-19T18:51:04.4255334Z Fetch Configuration                                  COMPLETED                  00:00:00.261               --------
2026-02-19T18:51:04.4256120Z Update Inventory                                     COMPLETED                  00:00:03.408               1 updated projects
2026-02-19T18:51:04.4256578Z 
2026-02-19T18:51:04.4257401Z ======================================================================================================================================================
2026-02-19T18:51:04.4258343Z Elapsed running time:                                                           00:00:03.669
2026-02-19T18:51:04.4259252Z ======================================================================================================================================================
2026-02-19T18:51:04.4260188Z Process finished with exit code SUCCESS (0)
2026-02-19T18:51:04.4260634Z 
2026-02-19T18:51:04.4944720Z ##[endgroup]
2026-02-19T18:51:04.4945499Z ##[debug]Mend upload return code: 0
2026-02-19T18:51:04.4977664Z ##[debug]remove_secrets_from_update_request(update_request_file=D:\a\_temp\mend\update-request.txt)
2026-02-19T18:51:04.5618431Z End time: 2026-02-19 18:51:04
2026-02-19T18:51:04.5620267Z Duration: 0:06:51.822991
2026-02-19T18:51:04.6970149Z ##[debug]$LASTEXITCODE: 0
2026-02-19T18:51:04.7257464Z ##[debug]Exit code: 0
2026-02-19T18:51:04.7303456Z ##[debug]Leaving Invoke-VstsTool.
2026-02-19T18:51:04.7326909Z ##[debug]Leaving D:\a\_tasks\PowerShell_e213ff0f-5d5c-4791-802d-52ea3e7be1f1\2.268.1\powershell.ps1.
2026-02-19T18:51:04.7723045Z ##[section]Finishing: Upload projects to Mend
